<?xml version="1.0" encoding="UTF-8"?>
<coverage generated="1680043532786" clover="3.2.0">
  <project timestamp="1680043532786" name="All files">
    <metrics statements="171" coveredstatements="126" conditionals="25" coveredconditionals="16" methods="51" coveredmethods="36" elements="247" coveredelements="178" complexity="0" loc="171" ncloc="171" packages="13" files="15" classes="15"/>
    <package name="components.CharacterCard">
      <metrics statements="11" coveredstatements="0" conditionals="0" coveredconditionals="0" methods="3" coveredmethods="0"/>
      <file name="index.tsx" path="C:\Users\Luiz Henrique\Desktop\dh\front-end\ctd-esp-front3-final\components\CharacterCard\index.tsx">
        <metrics statements="11" coveredstatements="0" conditionals="0" coveredconditionals="0" methods="3" coveredmethods="0"/>
        <line num="3" count="0" type="stmt"/>
        <line num="5" count="0" type="stmt"/>
        <line num="6" count="0" type="stmt"/>
        <line num="7" count="0" type="stmt"/>
        <line num="8" count="0" type="stmt"/>
        <line num="16" count="0" type="stmt"/>
        <line num="68" count="0" type="stmt"/>
        <line num="69" count="0" type="stmt"/>
        <line num="71" count="0" type="stmt"/>
        <line num="72" count="0" type="stmt"/>
        <line num="74" count="0" type="stmt"/>
      </file>
    </package>
    <package name="components.CharacterList">
      <metrics statements="6" coveredstatements="0" conditionals="0" coveredconditionals="0" methods="3" coveredmethods="0"/>
      <file name="index.tsx" path="C:\Users\Luiz Henrique\Desktop\dh\front-end\ctd-esp-front3-final\components\CharacterList\index.tsx">
        <metrics statements="6" coveredstatements="0" conditionals="0" coveredconditionals="0" methods="3" coveredmethods="0"/>
        <line num="2" count="0" type="stmt"/>
        <line num="4" count="0" type="stmt"/>
        <line num="10" count="0" type="stmt"/>
        <line num="11" count="0" type="stmt"/>
        <line num="13" count="0" type="stmt"/>
        <line num="17" count="0" type="stmt"/>
      </file>
    </package>
    <package name="components.ComicCard">
      <metrics statements="12" coveredstatements="8" conditionals="0" coveredconditionals="0" methods="3" coveredmethods="0"/>
      <file name="index.tsx" path="C:\Users\Luiz Henrique\Desktop\dh\front-end\ctd-esp-front3-final\components\ComicCard\index.tsx">
        <metrics statements="12" coveredstatements="8" conditionals="0" coveredconditionals="0" methods="3" coveredmethods="0"/>
        <line num="3" count="1" type="stmt"/>
        <line num="4" count="1" type="stmt"/>
        <line num="5" count="1" type="stmt"/>
        <line num="6" count="1" type="stmt"/>
        <line num="7" count="1" type="stmt"/>
        <line num="10" count="1" type="stmt"/>
        <line num="16" count="1" type="stmt"/>
        <line num="68" count="1" type="stmt"/>
        <line num="69" count="0" type="stmt"/>
        <line num="71" count="0" type="stmt"/>
        <line num="72" count="0" type="stmt"/>
        <line num="74" count="0" type="stmt"/>
      </file>
    </package>
    <package name="components.ComicsList">
      <metrics statements="6" coveredstatements="5" conditionals="0" coveredconditionals="0" methods="3" coveredmethods="2"/>
      <file name="index.tsx" path="C:\Users\Luiz Henrique\Desktop\dh\front-end\ctd-esp-front3-final\components\ComicsList\index.tsx">
        <metrics statements="6" coveredstatements="5" conditionals="0" coveredconditionals="0" methods="3" coveredmethods="2"/>
        <line num="1" count="1" type="stmt"/>
        <line num="3" count="1" type="stmt"/>
        <line num="9" count="2" type="stmt"/>
        <line num="10" count="5" type="stmt"/>
        <line num="12" count="4" type="stmt"/>
        <line num="16" count="0" type="stmt"/>
      </file>
    </package>
    <package name="components.faqs">
      <metrics statements="1" coveredstatements="0" conditionals="0" coveredconditionals="0" methods="1" coveredmethods="0"/>
      <file name="faqsData.ts" path="C:\Users\Luiz Henrique\Desktop\dh\front-end\ctd-esp-front3-final\components\faqs\faqsData.ts">
        <metrics statements="1" coveredstatements="0" conditionals="0" coveredconditionals="0" methods="1" coveredmethods="0"/>
        <line num="7" count="0" type="stmt"/>
      </file>
    </package>
    <package name="components.layouts">
      <metrics statements="16" coveredstatements="16" conditionals="0" coveredconditionals="0" methods="4" coveredmethods="4"/>
      <file name="layout-checkout.tsx" path="C:\Users\Luiz Henrique\Desktop\dh\front-end\ctd-esp-front3-final\components\layouts\layout-checkout.tsx">
        <metrics statements="8" coveredstatements="8" conditionals="0" coveredconditionals="0" methods="2" coveredmethods="2"/>
        <line num="1" count="1" type="stmt"/>
        <line num="3" count="1" type="stmt"/>
        <line num="4" count="1" type="stmt"/>
        <line num="5" count="1" type="stmt"/>
        <line num="6" count="1" type="stmt"/>
        <line num="8" count="1" type="stmt"/>
        <line num="11" count="3" type="stmt"/>
        <line num="23" count="3" type="stmt"/>
      </file>
      <file name="layout-general.tsx" path="C:\Users\Luiz Henrique\Desktop\dh\front-end\ctd-esp-front3-final\components\layouts\layout-general.tsx">
        <metrics statements="8" coveredstatements="8" conditionals="0" coveredconditionals="0" methods="2" coveredmethods="2"/>
        <line num="1" count="1" type="stmt"/>
        <line num="3" count="1" type="stmt"/>
        <line num="4" count="1" type="stmt"/>
        <line num="5" count="1" type="stmt"/>
        <line num="6" count="1" type="stmt"/>
        <line num="8" count="1" type="stmt"/>
        <line num="11" count="3" type="stmt"/>
        <line num="23" count="3" type="stmt"/>
      </file>
    </package>
    <package name="components.layouts.body.single">
      <metrics statements="6" coveredstatements="6" conditionals="2" coveredconditionals="2" methods="2" coveredmethods="2"/>
      <file name="body-single.tsx" path="C:\Users\Luiz Henrique\Desktop\dh\front-end\ctd-esp-front3-final\components\layouts\body\single\body-single.tsx">
        <metrics statements="6" coveredstatements="6" conditionals="2" coveredconditionals="2" methods="2" coveredmethods="2"/>
        <line num="1" count="2" type="stmt"/>
        <line num="3" count="2" type="stmt"/>
        <line num="4" count="2" type="stmt"/>
        <line num="11" count="2" type="stmt"/>
        <line num="16" count="4" type="stmt"/>
        <line num="35" count="4" type="stmt"/>
      </file>
    </package>
    <package name="components.layouts.footer">
      <metrics statements="7" coveredstatements="7" conditionals="0" coveredconditionals="0" methods="2" coveredmethods="2"/>
      <file name="general-footer.component.tsx" path="C:\Users\Luiz Henrique\Desktop\dh\front-end\ctd-esp-front3-final\components\layouts\footer\general-footer.component.tsx">
        <metrics statements="7" coveredstatements="7" conditionals="0" coveredconditionals="0" methods="2" coveredmethods="2"/>
        <line num="1" count="1" type="stmt"/>
        <line num="2" count="1" type="stmt"/>
        <line num="3" count="1" type="stmt"/>
        <line num="4" count="1" type="stmt"/>
        <line num="6" count="1" type="stmt"/>
        <line num="7" count="2" type="stmt"/>
        <line num="46" count="2" type="stmt"/>
      </file>
    </package>
    <package name="components.layouts.header">
      <metrics statements="13" coveredstatements="13" conditionals="4" coveredconditionals="4" methods="3" coveredmethods="3"/>
      <file name="general-header.component.tsx" path="C:\Users\Luiz Henrique\Desktop\dh\front-end\ctd-esp-front3-final\components\layouts\header\general-header.component.tsx">
        <metrics statements="13" coveredstatements="13" conditionals="4" coveredconditionals="4" methods="3" coveredmethods="3"/>
        <line num="1" count="1" type="stmt"/>
        <line num="3" count="1" type="stmt"/>
        <line num="4" count="1" type="stmt"/>
        <line num="5" count="1" type="stmt"/>
        <line num="6" count="1" type="stmt"/>
        <line num="7" count="1" type="stmt"/>
        <line num="8" count="1" type="stmt"/>
        <line num="14" count="1" type="stmt"/>
        <line num="15" count="6" type="stmt"/>
        <line num="50" count="1" type="stmt"/>
        <line num="51" count="6" type="cond" truecount="2" falsecount="0"/>
        <line num="59" count="1" type="stmt"/>
        <line num="63" count="6" type="stmt"/>
      </file>
    </package>
    <package name="pages">
      <metrics statements="15" coveredstatements="9" conditionals="2" coveredconditionals="0" methods="5" coveredmethods="2"/>
      <file name="index.page.tsx" path="C:\Users\Luiz Henrique\Desktop\dh\front-end\ctd-esp-front3-final\pages\index.page.tsx">
        <metrics statements="15" coveredstatements="9" conditionals="2" coveredconditionals="0" methods="5" coveredmethods="2"/>
        <line num="2" count="1" type="stmt"/>
        <line num="4" count="1" type="stmt"/>
        <line num="5" count="1" type="stmt"/>
        <line num="7" count="1" type="stmt"/>
        <line num="13" count="1" type="stmt"/>
        <line num="14" count="3" type="stmt"/>
        <line num="16" count="2" type="stmt"/>
        <line num="31" count="1" type="stmt"/>
        <line num="33" count="1" type="stmt"/>
        <line num="38" count="0" type="stmt"/>
        <line num="42" count="0" type="stmt"/>
        <line num="44" count="0" type="stmt"/>
        <line num="45" count="0" type="stmt"/>
        <line num="47" count="0" type="cond" truecount="0" falsecount="2"/>
        <line num="51" count="0" type="stmt"/>
      </file>
    </package>
    <package name="pages.api">
      <metrics statements="27" coveredstatements="27" conditionals="5" coveredconditionals="5" methods="6" coveredmethods="6"/>
      <file name="checkout.route.ts" path="C:\Users\Luiz Henrique\Desktop\dh\front-end\ctd-esp-front3-final\pages\api\checkout.route.ts">
        <metrics statements="27" coveredstatements="27" conditionals="5" coveredconditionals="5" methods="6" coveredmethods="6"/>
        <line num="10" count="1" type="stmt"/>
        <line num="12" count="1" type="stmt"/>
        <line num="13" count="1" type="stmt"/>
        <line num="14" count="1" type="stmt"/>
        <line num="15" count="1" type="stmt"/>
        <line num="16" count="1" type="stmt"/>
        <line num="27" count="7" type="stmt"/>
        <line num="31" count="7" type="cond" truecount="1" falsecount="0"/>
        <line num="32" count="1" type="stmt"/>
        <line num="33" count="1" type="stmt"/>
        <line num="35" count="6" type="stmt"/>
        <line num="36" count="6" type="stmt"/>
        <line num="37" count="6" type="cond" truecount="1" falsecount="0"/>
        <line num="38" count="1" type="stmt"/>
        <line num="39" count="1" type="stmt"/>
        <line num="41" count="4" type="cond" truecount="1" falsecount="0"/>
        <line num="42" count="1" type="stmt"/>
        <line num="43" count="1" type="stmt"/>
        <line num="45" count="3" type="cond" truecount="1" falsecount="0"/>
        <line num="46" count="1" type="stmt"/>
        <line num="47" count="1" type="stmt"/>
        <line num="49" count="2" type="cond" truecount="1" falsecount="0"/>
        <line num="50" count="1" type="stmt"/>
        <line num="51" count="1" type="stmt"/>
        <line num="53" count="1" type="stmt"/>
        <line num="55" count="1" type="stmt"/>
        <line num="56" count="1" type="stmt"/>
      </file>
    </package>
    <package name="services.checkout">
      <metrics statements="6" coveredstatements="6" conditionals="0" coveredconditionals="0" methods="6" coveredmethods="6"/>
      <file name="checkout.errors.ts" path="C:\Users\Luiz Henrique\Desktop\dh\front-end\ctd-esp-front3-final\services\checkout\checkout.errors.ts">
        <metrics statements="6" coveredstatements="6" conditionals="0" coveredconditionals="0" methods="6" coveredmethods="6"/>
        <line num="1" count="2" type="stmt"/>
        <line num="6" count="2" type="stmt"/>
        <line num="11" count="2" type="stmt"/>
        <line num="17" count="2" type="stmt"/>
        <line num="23" count="2" type="stmt"/>
        <line num="29" count="2" type="stmt"/>
      </file>
    </package>
    <package name="services.marvel">
      <metrics statements="45" coveredstatements="29" conditionals="12" coveredconditionals="5" methods="10" coveredmethods="9"/>
      <file name="marvel-auth.service.ts" path="C:\Users\Luiz Henrique\Desktop\dh\front-end\ctd-esp-front3-final\services\marvel\marvel-auth.service.ts">
        <metrics statements="8" coveredstatements="8" conditionals="0" coveredconditionals="0" methods="2" coveredmethods="2"/>
        <line num="1" count="3" type="stmt"/>
        <line num="3" count="3" type="stmt"/>
        <line num="4" count="3" type="stmt"/>
        <line num="6" count="8" type="stmt"/>
        <line num="7" count="8" type="stmt"/>
        <line num="8" count="8" type="stmt"/>
        <line num="9" count="8" type="stmt"/>
        <line num="11" count="8" type="stmt"/>
      </file>
      <file name="marvel.service.ts" path="C:\Users\Luiz Henrique\Desktop\dh\front-end\ctd-esp-front3-final\services\marvel\marvel.service.ts">
        <metrics statements="37" coveredstatements="21" conditionals="12" coveredconditionals="5" methods="8" coveredmethods="7"/>
        <line num="1" count="2" type="stmt"/>
        <line num="3" count="2" type="stmt"/>
        <line num="4" count="2" type="stmt"/>
        <line num="6" count="2" type="stmt"/>
        <line num="7" count="2" type="stmt"/>
        <line num="8" count="2" type="stmt"/>
        <line num="10" count="2" type="stmt"/>
        <line num="12" count="2" type="stmt"/>
        <line num="24" count="2" type="stmt"/>
        <line num="25" count="7" type="stmt"/>
        <line num="27" count="7" type="cond" truecount="2" falsecount="0"/>
        <line num="28" count="7" type="stmt"/>
        <line num="30" count="0" type="stmt"/>
        <line num="33" count="2" type="stmt"/>
        <line num="34" count="2" type="stmt"/>
        <line num="35" count="2" type="cond" truecount="1" falsecount="0"/>
        <line num="36" count="2" type="cond" truecount="1" falsecount="0"/>
        <line num="37" count="2" type="stmt"/>
        <line num="40" count="3" type="stmt"/>
        <line num="41" count="3" type="stmt"/>
        <line num="42" count="0" type="stmt"/>
        <line num="43" count="0" type="cond" truecount="0" falsecount="2"/>
        <line num="44" count="0" type="stmt"/>
        <line num="45" count="0" type="cond" truecount="0" falsecount="2"/>
        <line num="46" count="0" type="stmt"/>
        <line num="47" count="0" type="stmt"/>
        <line num="48" count="0" type="stmt"/>
        <line num="50" count="0" type="stmt"/>
        <line num="51" count="0" type="stmt"/>
        <line num="52" count="0" type="stmt"/>
        <line num="54" count="0" type="stmt"/>
        <line num="55" count="0" type="stmt"/>
        <line num="62" count="2" type="stmt"/>
        <line num="63" count="2" type="stmt"/>
        <line num="64" count="0" type="stmt"/>
        <line num="65" count="0" type="cond" truecount="0" falsecount="2"/>
        <line num="66" count="0" type="stmt"/>
      </file>
    </package>
  </project>
</coverage>
