{"C:\\Users\\Luiz Henrique\\Desktop\\dh\\front-end\\ctd-esp-front3-final\\components\\CharacterTemplate\\index.tsx": {"path":"C:\\Users\\Luiz Henrique\\Desktop\\dh\\front-end\\ctd-esp-front3-final\\components\\CharacterTemplate\\index.tsx","statementMap":{"0":{"start":{"line":9,"column":13},"end":{"line":9,"column":30}},"1":{"start":{"line":1,"column":32},"end":{"line":1,"column":null}},"2":{"start":{"line":2,"column":18},"end":{"line":2,"column":null}},"3":{"start":{"line":9,"column":33},"end":{"line":59,"column":1}},"4":{"start":{"line":10,"column":24},"end":{"line":10,"column":29}},"5":{"start":{"line":11,"column":43},"end":{"line":11,"column":52}},"6":{"start":{"line":13,"column":16},"end":{"line":13,"column":58}},"7":{"start":{"line":15,"column":2},"end":{"line":57,"column":null}}},"fnMap":{"0":{"name":"(anonymous_0)","decl":{"start":{"line":9,"column":13},"end":{"line":9,"column":30}},"loc":{"start":{"line":9,"column":13},"end":{"line":9,"column":30}}},"1":{"name":"(anonymous_2)","decl":{"start":{"line":9,"column":33},"end":{"line":9,"column":34}},"loc":{"start":{"line":9,"column":68},"end":{"line":59,"column":1}}}},"branchMap":{},"s":{"0":0,"1":0,"2":0,"3":0,"4":0,"5":0,"6":0,"7":0},"f":{"0":0,"1":0},"b":{}}
,"C:\\Users\\Luiz Henrique\\Desktop\\dh\\front-end\\ctd-esp-front3-final\\components\\CheckoutTemplate\\index.tsx": {"path":"C:\\Users\\Luiz Henrique\\Desktop\\dh\\front-end\\ctd-esp-front3-final\\components\\CheckoutTemplate\\index.tsx","statementMap":{"0":{"start":{"line":28,"column":13},"end":{"line":28,"column":29}},"1":{"start":{"line":1,"column":38},"end":{"line":1,"column":null}},"2":{"start":{"line":2,"column":38},"end":{"line":2,"column":null}},"3":{"start":{"line":3,"column":28},"end":{"line":3,"column":null}},"4":{"start":{"line":5,"column":20},"end":{"line":5,"column":null}},"5":{"start":{"line":6,"column":21},"end":{"line":6,"column":null}},"6":{"start":{"line":7,"column":34},"end":{"line":7,"column":null}},"7":{"start":{"line":9,"column":24},"end":{"line":9,"column":null}},"8":{"start":{"line":11,"column":29},"end":{"line":11,"column":null}},"9":{"start":{"line":12,"column":24},"end":{"line":12,"column":null}},"10":{"start":{"line":13,"column":24},"end":{"line":13,"column":null}},"11":{"start":{"line":15,"column":31},"end":{"line":15,"column":null}},"12":{"start":{"line":17,"column":20},"end":{"line":17,"column":null}},"13":{"start":{"line":18,"column":27},"end":{"line":18,"column":null}},"14":{"start":{"line":20,"column":24},"end":{"line":20,"column":null}},"15":{"start":{"line":28,"column":32},"end":{"line":119,"column":1}},"16":{"start":{"line":29,"column":28},"end":{"line":33,"column":4}},"17":{"start":{"line":35,"column":18},"end":{"line":37,"column":4}},"18":{"start":{"line":39,"column":35},"end":{"line":39,"column":44}},"19":{"start":{"line":41,"column":19},"end":{"line":75,"column":8}},"20":{"start":{"line":42,"column":17},"end":{"line":51,"column":5}},"21":{"start":{"line":53,"column":4},"end":{"line":74,"column":null}},"22":{"start":{"line":54,"column":6},"end":{"line":54,"column":40}},"23":{"start":{"line":55,"column":6},"end":{"line":55,"column":33}},"24":{"start":{"line":57,"column":6},"end":{"line":68,"column":null}},"25":{"start":{"line":58,"column":29},"end":{"line":58,"column":34}},"26":{"start":{"line":59,"column":24},"end":{"line":59,"column":46}},"27":{"start":{"line":61,"column":8},"end":{"line":67,"column":null}},"28":{"start":{"line":62,"column":10},"end":{"line":66,"column":13}},"29":{"start":{"line":69,"column":6},"end":{"line":73,"column":9}},"30":{"start":{"line":77,"column":2},"end":{"line":117,"column":null}},"31":{"start":{"line":106,"column":10},"end":{"line":111,"column":12}},"32":{"start":{"line":107,"column":12},"end":{"line":110,"column":14}}},"fnMap":{"0":{"name":"(anonymous_0)","decl":{"start":{"line":28,"column":13},"end":{"line":28,"column":29}},"loc":{"start":{"line":28,"column":13},"end":{"line":28,"column":29}}},"1":{"name":"(anonymous_2)","decl":{"start":{"line":28,"column":32},"end":{"line":28,"column":38}},"loc":{"start":{"line":28,"column":38},"end":{"line":119,"column":1}}},"2":{"name":"(anonymous_3)","decl":{"start":{"line":41,"column":31},"end":{"line":41,"column":38}},"loc":{"start":{"line":41,"column":67},"end":{"line":75,"column":5}}},"3":{"name":"(anonymous_4)","decl":{"start":{"line":105,"column":17},"end":{"line":105,"column":null}},"loc":{"start":{"line":106,"column":10},"end":{"line":111,"column":12}}},"4":{"name":"(anonymous_5)","decl":{"start":{"line":106,"column":19},"end":{"line":106,"column":20}},"loc":{"start":{"line":106,"column":29},"end":{"line":111,"column":12}}}},"branchMap":{"0":{"loc":{"start":{"line":57,"column":6},"end":{"line":68,"column":null}},"type":"if","locations":[{"start":{"line":57,"column":6},"end":{"line":68,"column":null}}]},"1":{"loc":{"start":{"line":61,"column":8},"end":{"line":67,"column":null}},"type":"if","locations":[{"start":{"line":61,"column":8},"end":{"line":67,"column":null}}]}},"s":{"0":5,"1":2,"2":2,"3":2,"4":2,"5":2,"6":2,"7":2,"8":2,"9":2,"10":2,"11":2,"12":2,"13":2,"14":2,"15":2,"16":5,"17":5,"18":5,"19":5,"20":0,"21":0,"22":0,"23":0,"24":0,"25":0,"26":0,"27":0,"28":0,"29":0,"30":5,"31":0,"32":0},"f":{"0":5,"1":5,"2":0,"3":0,"4":0},"b":{"0":[0],"1":[0]}}
,"C:\\Users\\Luiz Henrique\\Desktop\\dh\\front-end\\ctd-esp-front3-final\\components\\CheckoutTemplate\\schema.ts": {"path":"C:\\Users\\Luiz Henrique\\Desktop\\dh\\front-end\\ctd-esp-front3-final\\components\\CheckoutTemplate\\schema.ts","statementMap":{"0":{"start":{"line":3,"column":13},"end":{"line":3,"column":27}},"1":{"start":{"line":1,"column":21},"end":{"line":1,"column":null}},"2":{"start":{"line":3,"column":30},"end":{"line":23,"column":1}},"3":{"start":{"line":4,"column":2},"end":{"line":22,"column":5}}},"fnMap":{"0":{"name":"(anonymous_0)","decl":{"start":{"line":3,"column":13},"end":{"line":3,"column":27}},"loc":{"start":{"line":3,"column":13},"end":{"line":3,"column":27}}},"1":{"name":"(anonymous_4)","decl":{"start":{"line":3,"column":30},"end":{"line":3,"column":36}},"loc":{"start":{"line":3,"column":36},"end":{"line":23,"column":1}}}},"branchMap":{},"s":{"0":5,"1":2,"2":2,"3":5},"f":{"0":5,"1":5},"b":{}}
,"C:\\Users\\Luiz Henrique\\Desktop\\dh\\front-end\\ctd-esp-front3-final\\components\\CheckoutTemplate\\Address\\index.tsx": {"path":"C:\\Users\\Luiz Henrique\\Desktop\\dh\\front-end\\ctd-esp-front3-final\\components\\CheckoutTemplate\\Address\\index.tsx","statementMap":{"0":{"start":{"line":8,"column":13},"end":{"line":8,"column":26}},"1":{"start":{"line":10,"column":13},"end":{"line":10,"column":20}},"2":{"start":{"line":1,"column":49},"end":{"line":1,"column":null}},"3":{"start":{"line":2,"column":21},"end":{"line":2,"column":null}},"4":{"start":{"line":4,"column":31},"end":{"line":4,"column":null}},"5":{"start":{"line":8,"column":29},"end":{"line":8,"column":38}},"6":{"start":{"line":10,"column":23},"end":{"line":72,"column":1}},"7":{"start":{"line":14,"column":6},"end":{"line":14,"column":42}},"8":{"start":{"line":16,"column":2},"end":{"line":70,"column":null}}},"fnMap":{"0":{"name":"(anonymous_1)","decl":{"start":{"line":8,"column":26},"end":{"line":8,"column":29}},"loc":{"start":{"line":8,"column":13},"end":{"line":8,"column":26}}},"1":{"name":"(anonymous_2)","decl":{"start":{"line":10,"column":20},"end":{"line":10,"column":23}},"loc":{"start":{"line":10,"column":13},"end":{"line":10,"column":20}}},"2":{"name":"(anonymous_4)","decl":{"start":{"line":10,"column":23},"end":{"line":10,"column":29}},"loc":{"start":{"line":10,"column":29},"end":{"line":72,"column":1}}}},"branchMap":{},"s":{"0":1,"1":5,"2":2,"3":2,"4":2,"5":2,"6":2,"7":5,"8":5},"f":{"0":1,"1":5,"2":5},"b":{}}
,"C:\\Users\\Luiz Henrique\\Desktop\\dh\\front-end\\ctd-esp-front3-final\\components\\CheckoutTemplate\\Payment\\index.tsx": {"path":"C:\\Users\\Luiz Henrique\\Desktop\\dh\\front-end\\ctd-esp-front3-final\\components\\CheckoutTemplate\\Payment\\index.tsx","statementMap":{"0":{"start":{"line":19,"column":13},"end":{"line":19,"column":26}},"1":{"start":{"line":21,"column":13},"end":{"line":21,"column":20}},"2":{"start":{"line":1,"column":31},"end":{"line":1,"column":null}},"3":{"start":{"line":2,"column":36},"end":{"line":2,"column":null}},"4":{"start":{"line":3,"column":18},"end":{"line":3,"column":null}},"5":{"start":{"line":4,"column":22},"end":{"line":4,"column":null}},"6":{"start":{"line":6,"column":49},"end":{"line":6,"column":null}},"7":{"start":{"line":7,"column":24},"end":{"line":7,"column":null}},"8":{"start":{"line":11,"column":7},"end":{"line":11,"column":null}},"9":{"start":{"line":19,"column":29},"end":{"line":19,"column":38}},"10":{"start":{"line":21,"column":23},"end":{"line":131,"column":1}},"11":{"start":{"line":26,"column":6},"end":{"line":26,"column":42}},"12":{"start":{"line":28,"column":28},"end":{"line":28,"column":47}},"13":{"start":{"line":30,"column":66},"end":{"line":30,"column":73}},"14":{"start":{"line":32,"column":28},"end":{"line":41,"column":3}},"15":{"start":{"line":33,"column":42},"end":{"line":38,"column":5}},"16":{"start":{"line":40,"column":4},"end":{"line":40,"column":26}},"17":{"start":{"line":43,"column":2},"end":{"line":129,"column":null}},"18":{"start":{"line":62,"column":27},"end":{"line":62,"column":58}},"19":{"start":{"line":67,"column":16},"end":{"line":74,"column":null}},"20":{"start":{"line":85,"column":27},"end":{"line":85,"column":57}},"21":{"start":{"line":92,"column":27},"end":{"line":92,"column":58}},"22":{"start":{"line":96,"column":16},"end":{"line":103,"column":null}},"23":{"start":{"line":116,"column":27},"end":{"line":116,"column":60}}},"fnMap":{"0":{"name":"(anonymous_1)","decl":{"start":{"line":19,"column":26},"end":{"line":19,"column":29}},"loc":{"start":{"line":19,"column":13},"end":{"line":19,"column":26}}},"1":{"name":"(anonymous_2)","decl":{"start":{"line":21,"column":20},"end":{"line":21,"column":23}},"loc":{"start":{"line":21,"column":13},"end":{"line":21,"column":20}}},"2":{"name":"(anonymous_4)","decl":{"start":{"line":21,"column":23},"end":{"line":21,"column":29}},"loc":{"start":{"line":21,"column":29},"end":{"line":131,"column":1}}},"3":{"name":"(anonymous_5)","decl":{"start":{"line":32,"column":28},"end":{"line":32,"column":29}},"loc":{"start":{"line":32,"column":47},"end":{"line":41,"column":3}}},"4":{"name":"(anonymous_6)","decl":{"start":{"line":62,"column":21},"end":{"line":62,"column":27}},"loc":{"start":{"line":62,"column":27},"end":{"line":62,"column":58}}},"5":{"name":"(anonymous_7)","decl":{"start":{"line":66,"column":15},"end":{"line":66,"column":16}},"loc":{"start":{"line":66,"column":31},"end":{"line":76,"column":null}}},"6":{"name":"(anonymous_8)","decl":{"start":{"line":85,"column":21},"end":{"line":85,"column":27}},"loc":{"start":{"line":85,"column":27},"end":{"line":85,"column":57}}},"7":{"name":"(anonymous_9)","decl":{"start":{"line":92,"column":21},"end":{"line":92,"column":27}},"loc":{"start":{"line":92,"column":27},"end":{"line":92,"column":58}}},"8":{"name":"(anonymous_10)","decl":{"start":{"line":95,"column":15},"end":{"line":95,"column":16}},"loc":{"start":{"line":95,"column":31},"end":{"line":105,"column":null}}},"9":{"name":"(anonymous_11)","decl":{"start":{"line":116,"column":21},"end":{"line":116,"column":27}},"loc":{"start":{"line":116,"column":27},"end":{"line":116,"column":60}}}},"branchMap":{"0":{"loc":{"start":{"line":122,"column":18},"end":{"line":122,"column":34}},"type":"binary-expr","locations":[{"start":{"line":122,"column":18},"end":{"line":122,"column":28}},{"start":{"line":122,"column":32},"end":{"line":122,"column":34}}]},"1":{"loc":{"start":{"line":123,"column":18},"end":{"line":123,"column":38}},"type":"binary-expr","locations":[{"start":{"line":123,"column":18},"end":{"line":123,"column":32}},{"start":{"line":123,"column":36},"end":{"line":123,"column":38}}]},"2":{"loc":{"start":{"line":124,"column":15},"end":{"line":124,"column":33}},"type":"binary-expr","locations":[{"start":{"line":124,"column":15},"end":{"line":124,"column":27}},{"start":{"line":124,"column":31},"end":{"line":124,"column":33}}]},"3":{"loc":{"start":{"line":125,"column":16},"end":{"line":125,"column":31}},"type":"binary-expr","locations":[{"start":{"line":125,"column":16},"end":{"line":125,"column":25}},{"start":{"line":125,"column":29},"end":{"line":125,"column":31}}]}},"s":{"0":1,"1":5,"2":2,"3":2,"4":2,"5":2,"6":2,"7":2,"8":2,"9":2,"10":2,"11":5,"12":5,"13":5,"14":5,"15":0,"16":0,"17":5,"18":0,"19":5,"20":0,"21":0,"22":5,"23":0},"f":{"0":1,"1":5,"2":5,"3":0,"4":0,"5":5,"6":0,"7":0,"8":5,"9":0},"b":{"0":[5,5],"1":[5,5],"2":[5,5],"3":[5,5]}}
,"C:\\Users\\Luiz Henrique\\Desktop\\dh\\front-end\\ctd-esp-front3-final\\components\\CheckoutTemplate\\PersonalData\\index.tsx": {"path":"C:\\Users\\Luiz Henrique\\Desktop\\dh\\front-end\\ctd-esp-front3-final\\components\\CheckoutTemplate\\PersonalData\\index.tsx","statementMap":{"0":{"start":{"line":7,"column":13},"end":{"line":7,"column":31}},"1":{"start":{"line":9,"column":13},"end":{"line":9,"column":25}},"2":{"start":{"line":1,"column":49},"end":{"line":1,"column":null}},"3":{"start":{"line":2,"column":23},"end":{"line":2,"column":null}},"4":{"start":{"line":4,"column":31},"end":{"line":4,"column":null}},"5":{"start":{"line":7,"column":34},"end":{"line":7,"column":49}},"6":{"start":{"line":9,"column":28},"end":{"line":57,"column":1}},"7":{"start":{"line":13,"column":6},"end":{"line":13,"column":42}},"8":{"start":{"line":15,"column":2},"end":{"line":55,"column":null}}},"fnMap":{"0":{"name":"(anonymous_1)","decl":{"start":{"line":7,"column":31},"end":{"line":7,"column":34}},"loc":{"start":{"line":7,"column":13},"end":{"line":7,"column":31}}},"1":{"name":"(anonymous_2)","decl":{"start":{"line":9,"column":25},"end":{"line":9,"column":28}},"loc":{"start":{"line":9,"column":13},"end":{"line":9,"column":25}}},"2":{"name":"(anonymous_4)","decl":{"start":{"line":9,"column":28},"end":{"line":9,"column":34}},"loc":{"start":{"line":9,"column":34},"end":{"line":57,"column":1}}}},"branchMap":{},"s":{"0":1,"1":5,"2":2,"3":2,"4":2,"5":2,"6":2,"7":5,"8":5},"f":{"0":1,"1":5,"2":5},"b":{}}
,"C:\\Users\\Luiz Henrique\\Desktop\\dh\\front-end\\ctd-esp-front3-final\\components\\CheckoutTemplate\\Summary\\index.tsx": {"path":"C:\\Users\\Luiz Henrique\\Desktop\\dh\\front-end\\ctd-esp-front3-final\\components\\CheckoutTemplate\\Summary\\index.tsx","statementMap":{"0":{"start":{"line":13,"column":13},"end":{"line":13,"column":26}},"1":{"start":{"line":15,"column":13},"end":{"line":15,"column":20}},"2":{"start":{"line":9,"column":7},"end":{"line":9,"column":null}},"3":{"start":{"line":10,"column":24},"end":{"line":10,"column":null}},"4":{"start":{"line":11,"column":31},"end":{"line":11,"column":null}},"5":{"start":{"line":13,"column":29},"end":{"line":13,"column":38}},"6":{"start":{"line":15,"column":23},"end":{"line":96,"column":1}},"7":{"start":{"line":16,"column":19},"end":{"line":16,"column":28}},"8":{"start":{"line":18,"column":2},"end":{"line":20,"column":null}},"9":{"start":{"line":19,"column":4},"end":{"line":19,"column":64}},"10":{"start":{"line":22,"column":43},"end":{"line":22,"column":47}},"11":{"start":{"line":23,"column":16},"end":{"line":23,"column":58}},"12":{"start":{"line":24,"column":16},"end":{"line":24,"column":31}},"13":{"start":{"line":26,"column":2},"end":{"line":94,"column":null}}},"fnMap":{"0":{"name":"(anonymous_1)","decl":{"start":{"line":13,"column":26},"end":{"line":13,"column":29}},"loc":{"start":{"line":13,"column":13},"end":{"line":13,"column":26}}},"1":{"name":"(anonymous_2)","decl":{"start":{"line":15,"column":20},"end":{"line":15,"column":23}},"loc":{"start":{"line":15,"column":13},"end":{"line":15,"column":20}}},"2":{"name":"(anonymous_3)","decl":{"start":{"line":15,"column":23},"end":{"line":15,"column":29}},"loc":{"start":{"line":15,"column":29},"end":{"line":96,"column":1}}}},"branchMap":{"0":{"loc":{"start":{"line":18,"column":2},"end":{"line":20,"column":null}},"type":"if","locations":[{"start":{"line":18,"column":2},"end":{"line":20,"column":null}}]}},"s":{"0":1,"1":5,"2":2,"3":2,"4":2,"5":2,"6":2,"7":5,"8":5,"9":5,"10":0,"11":0,"12":0,"13":0},"f":{"0":1,"1":5,"2":5},"b":{"0":[5]}}
,"C:\\Users\\Luiz Henrique\\Desktop\\dh\\front-end\\ctd-esp-front3-final\\components\\ComicTemplate\\index.tsx": {"path":"C:\\Users\\Luiz Henrique\\Desktop\\dh\\front-end\\ctd-esp-front3-final\\components\\ComicTemplate\\index.tsx","statementMap":{"0":{"start":{"line":16,"column":13},"end":{"line":16,"column":26}},"1":{"start":{"line":1,"column":18},"end":{"line":1,"column":null}},"2":{"start":{"line":3,"column":53},"end":{"line":3,"column":null}},"3":{"start":{"line":4,"column":25},"end":{"line":4,"column":null}},"4":{"start":{"line":7,"column":31},"end":{"line":7,"column":null}},"5":{"start":{"line":8,"column":17},"end":{"line":8,"column":null}},"6":{"start":{"line":9,"column":35},"end":{"line":9,"column":null}},"7":{"start":{"line":10,"column":24},"end":{"line":10,"column":null}},"8":{"start":{"line":16,"column":29},"end":{"line":144,"column":1}},"9":{"start":{"line":17,"column":20},"end":{"line":17,"column":25}},"10":{"start":{"line":18,"column":64},"end":{"line":18,"column":69}},"11":{"start":{"line":20,"column":35},"end":{"line":20,"column":44}},"12":{"start":{"line":22,"column":16},"end":{"line":22,"column":58}},"13":{"start":{"line":23,"column":16},"end":{"line":23,"column":31}},"14":{"start":{"line":25,"column":2},"end":{"line":142,"column":null}},"15":{"start":{"line":78,"column":39},"end":{"line":78,"column":66}},"16":{"start":{"line":117,"column":50},"end":{"line":117,"column":59}},"17":{"start":{"line":118,"column":31},"end":{"line":118,"column":62}},"18":{"start":{"line":120,"column":20},"end":{"line":133,"column":null}}},"fnMap":{"0":{"name":"(anonymous_0)","decl":{"start":{"line":16,"column":13},"end":{"line":16,"column":26}},"loc":{"start":{"line":16,"column":13},"end":{"line":16,"column":26}}},"1":{"name":"(anonymous_2)","decl":{"start":{"line":16,"column":29},"end":{"line":16,"column":30}},"loc":{"start":{"line":16,"column":52},"end":{"line":144,"column":1}}},"2":{"name":"(anonymous_3)","decl":{"start":{"line":78,"column":33},"end":{"line":78,"column":39}},"loc":{"start":{"line":78,"column":39},"end":{"line":78,"column":66}}},"3":{"name":"(anonymous_4)","decl":{"start":{"line":116,"column":40},"end":{"line":116,"column":41}},"loc":{"start":{"line":116,"column":55},"end":{"line":135,"column":20}}}},"branchMap":{"0":{"loc":{"start":{"line":58,"column":17},"end":{"line":92,"column":31}},"type":"cond-expr","locations":[{"start":{"line":59,"column":18},"end":{"line":83,"column":null}},{"start":{"line":85,"column":18},"end":{"line":92,"column":31}}]},"1":{"loc":{"start":{"line":104,"column":13},"end":{"line":137,"column":20}},"type":"binary-expr","locations":[{"start":{"line":104,"column":13},"end":{"line":104,"column":38}},{"start":{"line":105,"column":14},"end":{"line":137,"column":20}}]}},"s":{"0":0,"1":0,"2":0,"3":0,"4":0,"5":0,"6":0,"7":0,"8":0,"9":0,"10":0,"11":0,"12":0,"13":0,"14":0,"15":0,"16":0,"17":0,"18":0},"f":{"0":0,"1":0,"2":0,"3":0},"b":{"0":[0,0],"1":[0,0]}}
,"C:\\Users\\Luiz Henrique\\Desktop\\dh\\front-end\\ctd-esp-front3-final\\components\\ComicsList\\card.tsx": {"path":"C:\\Users\\Luiz Henrique\\Desktop\\dh\\front-end\\ctd-esp-front3-final\\components\\ComicsList\\card.tsx","statementMap":{"0":{"start":{"line":19,"column":13},"end":{"line":19,"column":28}},"1":{"start":{"line":21,"column":13},"end":{"line":21,"column":22}},"2":{"start":{"line":3,"column":17},"end":{"line":3,"column":null}},"3":{"start":{"line":4,"column":22},"end":{"line":4,"column":null}},"4":{"start":{"line":5,"column":24},"end":{"line":5,"column":null}},"5":{"start":{"line":6,"column":24},"end":{"line":6,"column":null}},"6":{"start":{"line":7,"column":23},"end":{"line":7,"column":null}},"7":{"start":{"line":11,"column":19},"end":{"line":11,"column":null}},"8":{"start":{"line":12,"column":26},"end":{"line":12,"column":null}},"9":{"start":{"line":13,"column":24},"end":{"line":13,"column":null}},"10":{"start":{"line":19,"column":31},"end":{"line":19,"column":43}},"11":{"start":{"line":21,"column":25},"end":{"line":89,"column":1}},"12":{"start":{"line":22,"column":20},"end":{"line":22,"column":25}},"13":{"start":{"line":24,"column":19},"end":{"line":24,"column":30}},"14":{"start":{"line":25,"column":35},"end":{"line":25,"column":44}},"15":{"start":{"line":27,"column":43},"end":{"line":27,"column":48}},"16":{"start":{"line":28,"column":16},"end":{"line":28,"column":58}},"17":{"start":{"line":29,"column":16},"end":{"line":29,"column":31}},"18":{"start":{"line":31,"column":2},"end":{"line":87,"column":null}},"19":{"start":{"line":70,"column":27},"end":{"line":70,"column":48}},"20":{"start":{"line":80,"column":27},"end":{"line":80,"column":54}}},"fnMap":{"0":{"name":"(anonymous_1)","decl":{"start":{"line":19,"column":28},"end":{"line":19,"column":31}},"loc":{"start":{"line":19,"column":13},"end":{"line":19,"column":28}}},"1":{"name":"(anonymous_2)","decl":{"start":{"line":21,"column":22},"end":{"line":21,"column":25}},"loc":{"start":{"line":21,"column":13},"end":{"line":21,"column":22}}},"2":{"name":"(anonymous_4)","decl":{"start":{"line":21,"column":25},"end":{"line":21,"column":26}},"loc":{"start":{"line":21,"column":52},"end":{"line":89,"column":1}}},"3":{"name":"(anonymous_5)","decl":{"start":{"line":70,"column":21},"end":{"line":70,"column":27}},"loc":{"start":{"line":70,"column":27},"end":{"line":70,"column":48}}},"4":{"name":"(anonymous_6)","decl":{"start":{"line":80,"column":21},"end":{"line":80,"column":27}},"loc":{"start":{"line":80,"column":27},"end":{"line":80,"column":54}}}},"branchMap":{},"s":{"0":0,"1":0,"2":0,"3":0,"4":0,"5":0,"6":0,"7":0,"8":0,"9":0,"10":0,"11":0,"12":0,"13":0,"14":0,"15":0,"16":0,"17":0,"18":0,"19":0,"20":0},"f":{"0":0,"1":0,"2":0,"3":0,"4":0},"b":{}}
,"C:\\Users\\Luiz Henrique\\Desktop\\dh\\front-end\\ctd-esp-front3-final\\components\\ComicsList\\index.tsx": {"path":"C:\\Users\\Luiz Henrique\\Desktop\\dh\\front-end\\ctd-esp-front3-final\\components\\ComicsList\\index.tsx","statementMap":{"0":{"start":{"line":9,"column":13},"end":{"line":9,"column":29}},"1":{"start":{"line":11,"column":13},"end":{"line":11,"column":23}},"2":{"start":{"line":1,"column":17},"end":{"line":1,"column":null}},"3":{"start":{"line":3,"column":26},"end":{"line":3,"column":null}},"4":{"start":{"line":9,"column":32},"end":{"line":9,"column":45}},"5":{"start":{"line":11,"column":26},"end":{"line":25,"column":1}},"6":{"start":{"line":12,"column":21},"end":{"line":12,"column":26}},"7":{"start":{"line":14,"column":2},"end":{"line":23,"column":null}},"8":{"start":{"line":17,"column":8},"end":{"line":20,"column":null}}},"fnMap":{"0":{"name":"(anonymous_1)","decl":{"start":{"line":9,"column":29},"end":{"line":9,"column":32}},"loc":{"start":{"line":9,"column":13},"end":{"line":9,"column":29}}},"1":{"name":"(anonymous_2)","decl":{"start":{"line":11,"column":23},"end":{"line":11,"column":26}},"loc":{"start":{"line":11,"column":13},"end":{"line":11,"column":23}}},"2":{"name":"(anonymous_4)","decl":{"start":{"line":11,"column":26},"end":{"line":11,"column":27}},"loc":{"start":{"line":11,"column":54},"end":{"line":25,"column":1}}},"3":{"name":"(anonymous_5)","decl":{"start":{"line":16,"column":18},"end":{"line":16,"column":19}},"loc":{"start":{"line":16,"column":29},"end":{"line":22,"column":8}}}},"branchMap":{},"s":{"0":0,"1":0,"2":0,"3":0,"4":0,"5":0,"6":0,"7":0,"8":0},"f":{"0":0,"1":0,"2":0,"3":0},"b":{}}
,"C:\\Users\\Luiz Henrique\\Desktop\\dh\\front-end\\ctd-esp-front3-final\\components\\ComicsList\\mock.ts": {"path":"C:\\Users\\Luiz Henrique\\Desktop\\dh\\front-end\\ctd-esp-front3-final\\components\\ComicsList\\mock.ts","statementMap":{"0":{"start":{"line":3,"column":13},"end":{"line":3,"column":19}},"1":{"start":{"line":3,"column":36},"end":{"line":1904,"column":1}}},"fnMap":{"0":{"name":"(anonymous_0)","decl":{"start":{"line":3,"column":13},"end":{"line":3,"column":19}},"loc":{"start":{"line":3,"column":13},"end":{"line":3,"column":19}}}},"branchMap":{},"s":{"0":0,"1":0},"f":{"0":0},"b":{}}
,"C:\\Users\\Luiz Henrique\\Desktop\\dh\\front-end\\ctd-esp-front3-final\\components\\FaqTemplate\\data.ts": {"path":"C:\\Users\\Luiz Henrique\\Desktop\\dh\\front-end\\ctd-esp-front3-final\\components\\FaqTemplate\\data.ts","statementMap":{"0":{"start":{"line":7,"column":13},"end":{"line":7,"column":21}},"1":{"start":{"line":7,"column":36},"end":{"line":38,"column":1}}},"fnMap":{"0":{"name":"(anonymous_0)","decl":{"start":{"line":7,"column":13},"end":{"line":7,"column":21}},"loc":{"start":{"line":7,"column":13},"end":{"line":7,"column":21}}}},"branchMap":{},"s":{"0":0,"1":0},"f":{"0":0},"b":{}}
,"C:\\Users\\Luiz Henrique\\Desktop\\dh\\front-end\\ctd-esp-front3-final\\components\\FaqTemplate\\index.tsx": {"path":"C:\\Users\\Luiz Henrique\\Desktop\\dh\\front-end\\ctd-esp-front3-final\\components\\FaqTemplate\\index.tsx","statementMap":{"0":{"start":{"line":14,"column":13},"end":{"line":14,"column":24}},"1":{"start":{"line":7,"column":7},"end":{"line":7,"column":null}},"2":{"start":{"line":9,"column":27},"end":{"line":9,"column":null}},"3":{"start":{"line":10,"column":19},"end":{"line":10,"column":null}},"4":{"start":{"line":12,"column":25},"end":{"line":12,"column":null}},"5":{"start":{"line":14,"column":27},"end":{"line":37,"column":1}},"6":{"start":{"line":15,"column":2},"end":{"line":35,"column":null}},"7":{"start":{"line":18,"column":8},"end":{"line":18,"column":34}},"8":{"start":{"line":20,"column":8},"end":{"line":32,"column":null}}},"fnMap":{"0":{"name":"(anonymous_0)","decl":{"start":{"line":14,"column":13},"end":{"line":14,"column":24}},"loc":{"start":{"line":14,"column":13},"end":{"line":14,"column":24}}},"1":{"name":"(anonymous_2)","decl":{"start":{"line":14,"column":27},"end":{"line":14,"column":33}},"loc":{"start":{"line":14,"column":33},"end":{"line":37,"column":1}}},"2":{"name":"(anonymous_3)","decl":{"start":{"line":17,"column":20},"end":{"line":17,"column":21}},"loc":{"start":{"line":17,"column":34},"end":{"line":34,"column":8}}}},"branchMap":{},"s":{"0":0,"1":0,"2":0,"3":0,"4":0,"5":0,"6":0,"7":0,"8":0},"f":{"0":0,"1":0,"2":0},"b":{}}
,"C:\\Users\\Luiz Henrique\\Desktop\\dh\\front-end\\ctd-esp-front3-final\\components\\SuccessTemplate\\index.tsx": {"path":"C:\\Users\\Luiz Henrique\\Desktop\\dh\\front-end\\ctd-esp-front3-final\\components\\SuccessTemplate\\index.tsx","statementMap":{"0":{"start":{"line":13,"column":13},"end":{"line":13,"column":28}},"1":{"start":{"line":1,"column":24},"end":{"line":1,"column":null}},"2":{"start":{"line":3,"column":32},"end":{"line":3,"column":null}},"3":{"start":{"line":4,"column":26},"end":{"line":4,"column":null}},"4":{"start":{"line":5,"column":18},"end":{"line":5,"column":null}},"5":{"start":{"line":6,"column":31},"end":{"line":6,"column":null}},"6":{"start":{"line":13,"column":31},"end":{"line":111,"column":1}},"7":{"start":{"line":14,"column":29},"end":{"line":14,"column":38}},"8":{"start":{"line":15,"column":19},"end":{"line":15,"column":30}},"9":{"start":{"line":17,"column":2},"end":{"line":19,"column":null}},"10":{"start":{"line":18,"column":4},"end":{"line":18,"column":14}},"11":{"start":{"line":21,"column":16},"end":{"line":21,"column":70}},"12":{"start":{"line":22,"column":16},"end":{"line":22,"column":27}},"13":{"start":{"line":23,"column":16},"end":{"line":23,"column":37}},"14":{"start":{"line":25,"column":41},"end":{"line":25,"column":49}},"15":{"start":{"line":27,"column":2},"end":{"line":109,"column":null}}},"fnMap":{"0":{"name":"(anonymous_0)","decl":{"start":{"line":13,"column":13},"end":{"line":13,"column":28}},"loc":{"start":{"line":13,"column":13},"end":{"line":13,"column":28}}},"1":{"name":"(anonymous_2)","decl":{"start":{"line":13,"column":31},"end":{"line":13,"column":37}},"loc":{"start":{"line":13,"column":37},"end":{"line":111,"column":1}}}},"branchMap":{"0":{"loc":{"start":{"line":17,"column":2},"end":{"line":19,"column":null}},"type":"if","locations":[{"start":{"line":17,"column":2},"end":{"line":19,"column":null}}]},"1":{"loc":{"start":{"line":17,"column":6},"end":{"line":17,"column":24}},"type":"binary-expr","locations":[{"start":{"line":17,"column":6},"end":{"line":17,"column":11}},{"start":{"line":17,"column":15},"end":{"line":17,"column":24}}]}},"s":{"0":0,"1":0,"2":0,"3":0,"4":0,"5":0,"6":0,"7":0,"8":0,"9":0,"10":0,"11":0,"12":0,"13":0,"14":0,"15":0},"f":{"0":0,"1":0},"b":{"0":[0],"1":[0,0]}}
,"C:\\Users\\Luiz Henrique\\Desktop\\dh\\front-end\\ctd-esp-front3-final\\components\\layouts\\layout-checkout.tsx": {"path":"C:\\Users\\Luiz Henrique\\Desktop\\dh\\front-end\\ctd-esp-front3-final\\components\\layouts\\layout-checkout.tsx","statementMap":{"0":{"start":{"line":23,"column":0},"end":{"line":23,"column":15}},"1":{"start":{"line":1,"column":23},"end":{"line":1,"column":null}},"2":{"start":{"line":3,"column":22},"end":{"line":3,"column":null}},"3":{"start":{"line":4,"column":16},"end":{"line":4,"column":null}},"4":{"start":{"line":5,"column":26},"end":{"line":5,"column":null}},"5":{"start":{"line":6,"column":26},"end":{"line":6,"column":null}},"6":{"start":{"line":8,"column":46},"end":{"line":22,"column":1}},"7":{"start":{"line":11,"column":2},"end":{"line":20,"column":null}},"8":{"start":{"line":23,"column":15},"end":{"line":23,"column":29}}},"fnMap":{"0":{"name":"(anonymous_0)","decl":{"start":{"line":23,"column":0},"end":{"line":23,"column":15}},"loc":{"start":{"line":23,"column":0},"end":{"line":23,"column":15}}},"1":{"name":"(anonymous_5)","decl":{"start":{"line":8,"column":46},"end":{"line":8,"column":47}},"loc":{"start":{"line":10,"column":25},"end":{"line":22,"column":1}}}},"branchMap":{},"s":{"0":3,"1":1,"2":1,"3":1,"4":1,"5":1,"6":1,"7":3,"8":1},"f":{"0":3,"1":3},"b":{}}
,"C:\\Users\\Luiz Henrique\\Desktop\\dh\\front-end\\ctd-esp-front3-final\\components\\layouts\\layout-general.tsx": {"path":"C:\\Users\\Luiz Henrique\\Desktop\\dh\\front-end\\ctd-esp-front3-final\\components\\layouts\\layout-general.tsx","statementMap":{"0":{"start":{"line":23,"column":0},"end":{"line":23,"column":15}},"1":{"start":{"line":1,"column":23},"end":{"line":1,"column":null}},"2":{"start":{"line":3,"column":22},"end":{"line":3,"column":null}},"3":{"start":{"line":4,"column":16},"end":{"line":4,"column":null}},"4":{"start":{"line":5,"column":26},"end":{"line":5,"column":null}},"5":{"start":{"line":6,"column":26},"end":{"line":6,"column":null}},"6":{"start":{"line":8,"column":45},"end":{"line":22,"column":1}},"7":{"start":{"line":11,"column":2},"end":{"line":20,"column":null}},"8":{"start":{"line":23,"column":15},"end":{"line":23,"column":28}}},"fnMap":{"0":{"name":"(anonymous_0)","decl":{"start":{"line":23,"column":0},"end":{"line":23,"column":15}},"loc":{"start":{"line":23,"column":0},"end":{"line":23,"column":15}}},"1":{"name":"(anonymous_5)","decl":{"start":{"line":8,"column":45},"end":{"line":8,"column":46}},"loc":{"start":{"line":10,"column":25},"end":{"line":22,"column":1}}}},"branchMap":{},"s":{"0":3,"1":1,"2":1,"3":1,"4":1,"5":1,"6":1,"7":3,"8":1},"f":{"0":3,"1":3},"b":{}}
,"C:\\Users\\Luiz Henrique\\Desktop\\dh\\front-end\\ctd-esp-front3-final\\components\\layouts\\body\\single\\body-single.tsx": {"path":"C:\\Users\\Luiz Henrique\\Desktop\\dh\\front-end\\ctd-esp-front3-final\\components\\layouts\\body\\single\\body-single.tsx","statementMap":{"0":{"start":{"line":35,"column":0},"end":{"line":35,"column":15}},"1":{"start":{"line":1,"column":23},"end":{"line":1,"column":null}},"2":{"start":{"line":3,"column":42},"end":{"line":3,"column":null}},"3":{"start":{"line":4,"column":34},"end":{"line":4,"column":null}},"4":{"start":{"line":11,"column":40},"end":{"line":34,"column":1}},"5":{"start":{"line":16,"column":2},"end":{"line":32,"column":null}},"6":{"start":{"line":35,"column":15},"end":{"line":35,"column":25}}},"fnMap":{"0":{"name":"(anonymous_0)","decl":{"start":{"line":35,"column":0},"end":{"line":35,"column":15}},"loc":{"start":{"line":35,"column":0},"end":{"line":35,"column":15}}},"1":{"name":"(anonymous_5)","decl":{"start":{"line":11,"column":40},"end":{"line":11,"column":41}},"loc":{"start":{"line":15,"column":23},"end":{"line":34,"column":1}}}},"branchMap":{"0":{"loc":{"start":{"line":19,"column":9},"end":{"line":28,"column":23}},"type":"binary-expr","locations":[{"start":{"line":19,"column":9},"end":{"line":19,"column":14}},{"start":{"line":20,"column":10},"end":{"line":28,"column":23}}]}},"s":{"0":2,"1":1,"2":1,"3":1,"4":1,"5":2,"6":1},"f":{"0":2,"1":2},"b":{"0":[2,1]}}
,"C:\\Users\\Luiz Henrique\\Desktop\\dh\\front-end\\ctd-esp-front3-final\\components\\layouts\\footer\\general-footer.component.tsx": {"path":"C:\\Users\\Luiz Henrique\\Desktop\\dh\\front-end\\ctd-esp-front3-final\\components\\layouts\\footer\\general-footer.component.tsx","statementMap":{"0":{"start":{"line":55,"column":0},"end":{"line":55,"column":15}},"1":{"start":{"line":1,"column":23},"end":{"line":1,"column":null}},"2":{"start":{"line":2,"column":16},"end":{"line":2,"column":null}},"3":{"start":{"line":3,"column":18},"end":{"line":3,"column":null}},"4":{"start":{"line":4,"column":33},"end":{"line":4,"column":null}},"5":{"start":{"line":6,"column":22},"end":{"line":54,"column":1}},"6":{"start":{"line":7,"column":2},"end":{"line":52,"column":null}},"7":{"start":{"line":55,"column":15},"end":{"line":55,"column":28}}},"fnMap":{"0":{"name":"(anonymous_0)","decl":{"start":{"line":55,"column":0},"end":{"line":55,"column":15}},"loc":{"start":{"line":55,"column":0},"end":{"line":55,"column":15}}},"1":{"name":"(anonymous_5)","decl":{"start":{"line":6,"column":22},"end":{"line":6,"column":28}},"loc":{"start":{"line":6,"column":28},"end":{"line":54,"column":1}}}},"branchMap":{},"s":{"0":2,"1":1,"2":1,"3":1,"4":1,"5":1,"6":2,"7":1},"f":{"0":2,"1":2},"b":{}}
,"C:\\Users\\Luiz Henrique\\Desktop\\dh\\front-end\\ctd-esp-front3-final\\components\\layouts\\header\\general-header.component.tsx": {"path":"C:\\Users\\Luiz Henrique\\Desktop\\dh\\front-end\\ctd-esp-front3-final\\components\\layouts\\header\\general-header.component.tsx","statementMap":{"0":{"start":{"line":70,"column":0},"end":{"line":70,"column":15}},"1":{"start":{"line":1,"column":23},"end":{"line":1,"column":null}},"2":{"start":{"line":3,"column":19},"end":{"line":3,"column":null}},"3":{"start":{"line":4,"column":16},"end":{"line":4,"column":null}},"4":{"start":{"line":5,"column":20},"end":{"line":5,"column":null}},"5":{"start":{"line":6,"column":22},"end":{"line":6,"column":null}},"6":{"start":{"line":7,"column":21},"end":{"line":7,"column":null}},"7":{"start":{"line":8,"column":32},"end":{"line":8,"column":null}},"8":{"start":{"line":14,"column":26},"end":{"line":54,"column":1}},"9":{"start":{"line":15,"column":2},"end":{"line":52,"column":null}},"10":{"start":{"line":56,"column":33},"end":{"line":64,"column":1}},"11":{"start":{"line":57,"column":2},"end":{"line":62,"column":32}},"12":{"start":{"line":66,"column":0},"end":{"line":68,"column":2}},"13":{"start":{"line":70,"column":15},"end":{"line":70,"column":28}}},"fnMap":{"0":{"name":"(anonymous_0)","decl":{"start":{"line":70,"column":0},"end":{"line":70,"column":15}},"loc":{"start":{"line":70,"column":0},"end":{"line":70,"column":15}}},"1":{"name":"(anonymous_5)","decl":{"start":{"line":14,"column":26},"end":{"line":14,"column":27}},"loc":{"start":{"line":14,"column":50},"end":{"line":54,"column":1}}},"2":{"name":"(anonymous_6)","decl":{"start":{"line":56,"column":33},"end":{"line":56,"column":34}},"loc":{"start":{"line":56,"column":57},"end":{"line":64,"column":1}}}},"branchMap":{"0":{"loc":{"start":{"line":35,"column":9},"end":{"line":49,"column":16}},"type":"binary-expr","locations":[{"start":{"line":35,"column":9},"end":{"line":35,"column":29}},{"start":{"line":36,"column":10},"end":{"line":49,"column":16}}]},"1":{"loc":{"start":{"line":57,"column":9},"end":{"line":62,"column":32}},"type":"cond-expr","locations":[{"start":{"line":58,"column":4},"end":{"line":60,"column":null}},{"start":{"line":62,"column":4},"end":{"line":62,"column":32}}]}},"s":{"0":6,"1":1,"2":1,"3":1,"4":1,"5":1,"6":1,"7":1,"8":1,"9":6,"10":1,"11":6,"12":1,"13":1},"f":{"0":6,"1":6,"2":6},"b":{"0":[6,3],"1":[3,3]}}
,"C:\\Users\\Luiz Henrique\\Desktop\\dh\\front-end\\ctd-esp-front3-final\\pages\\index.page.tsx": {"path":"C:\\Users\\Luiz Henrique\\Desktop\\dh\\front-end\\ctd-esp-front3-final\\pages\\index.page.tsx","statementMap":{"0":{"start":{"line":31,"column":0},"end":{"line":31,"column":15}},"1":{"start":{"line":33,"column":13},"end":{"line":33,"column":27}},"2":{"start":{"line":2,"column":17},"end":{"line":2,"column":null}},"3":{"start":{"line":4,"column":23},"end":{"line":4,"column":null}},"4":{"start":{"line":6,"column":27},"end":{"line":6,"column":null}},"5":{"start":{"line":7,"column":37},"end":{"line":7,"column":null}},"6":{"start":{"line":13,"column":36},"end":{"line":29,"column":1}},"7":{"start":{"line":14,"column":21},"end":{"line":14,"column":26}},"8":{"start":{"line":16,"column":2},"end":{"line":27,"column":null}},"9":{"start":{"line":31,"column":15},"end":{"line":31,"column":20}},"10":{"start":{"line":33,"column":46},"end":{"line":39,"column":1}},"11":{"start":{"line":34,"column":17},"end":{"line":34,"column":45}},"12":{"start":{"line":36,"column":2},"end":{"line":38,"column":4}}},"fnMap":{"0":{"name":"(anonymous_1)","decl":{"start":{"line":31,"column":21},"end":{"line":31,"column":null}},"loc":{"start":{"line":31,"column":0},"end":{"line":31,"column":15}}},"1":{"name":"(anonymous_2)","decl":{"start":{"line":33,"column":27},"end":{"line":33,"column":46}},"loc":{"start":{"line":33,"column":13},"end":{"line":33,"column":27}}},"2":{"name":"(anonymous_4)","decl":{"start":{"line":13,"column":36},"end":{"line":13,"column":37}},"loc":{"start":{"line":13,"column":47},"end":{"line":29,"column":1}}},"3":{"name":"(anonymous_5)","decl":{"start":{"line":33,"column":46},"end":{"line":33,"column":58}},"loc":{"start":{"line":33,"column":58},"end":{"line":39,"column":1}}}},"branchMap":{},"s":{"0":0,"1":0,"2":0,"3":0,"4":0,"5":0,"6":0,"7":0,"8":0,"9":0,"10":0,"11":0,"12":0},"f":{"0":0,"1":0,"2":0,"3":0},"b":{}}
,"C:\\Users\\Luiz Henrique\\Desktop\\dh\\front-end\\ctd-esp-front3-final\\pages\\api\\checkout.route.ts": {"path":"C:\\Users\\Luiz Henrique\\Desktop\\dh\\front-end\\ctd-esp-front3-final\\pages\\api\\checkout.route.ts","statementMap":{"0":{"start":{"line":14,"column":13},"end":{"line":14,"column":27}},"1":{"start":{"line":15,"column":13},"end":{"line":15,"column":22}},"2":{"start":{"line":16,"column":13},"end":{"line":16,"column":29}},"3":{"start":{"line":17,"column":13},"end":{"line":17,"column":37}},"4":{"start":{"line":28,"column":24},"end":{"line":28,"column":31}},"5":{"start":{"line":10,"column":7},"end":{"line":10,"column":null}},"6":{"start":{"line":12,"column":20},"end":{"line":12,"column":27}},"7":{"start":{"line":14,"column":30},"end":{"line":14,"column":39}},"8":{"start":{"line":15,"column":25},"end":{"line":15,"column":66}},"9":{"start":{"line":16,"column":32},"end":{"line":16,"column":70}},"10":{"start":{"line":17,"column":40},"end":{"line":17,"column":78}},"11":{"start":{"line":32,"column":2},"end":{"line":35,"column":null}},"12":{"start":{"line":33,"column":4},"end":{"line":33,"column":51}},"13":{"start":{"line":34,"column":4},"end":{"line":34,"column":11}},"14":{"start":{"line":37,"column":2},"end":{"line":66,"column":null}},"15":{"start":{"line":38,"column":32},"end":{"line":38,"column":40}},"16":{"start":{"line":40,"column":4},"end":{"line":43,"column":null}},"17":{"start":{"line":41,"column":6},"end":{"line":41,"column":52}},"18":{"start":{"line":42,"column":6},"end":{"line":42,"column":13}},"19":{"start":{"line":45,"column":4},"end":{"line":48,"column":null}},"20":{"start":{"line":46,"column":6},"end":{"line":46,"column":53}},"21":{"start":{"line":47,"column":6},"end":{"line":47,"column":13}},"22":{"start":{"line":50,"column":4},"end":{"line":53,"column":null}},"23":{"start":{"line":51,"column":6},"end":{"line":51,"column":61}},"24":{"start":{"line":52,"column":6},"end":{"line":52,"column":13}},"25":{"start":{"line":55,"column":4},"end":{"line":58,"column":null}},"26":{"start":{"line":56,"column":6},"end":{"line":56,"column":43}},"27":{"start":{"line":57,"column":6},"end":{"line":57,"column":13}},"28":{"start":{"line":60,"column":4},"end":{"line":60,"column":55}},"29":{"start":{"line":62,"column":4},"end":{"line":62,"column":52}},"30":{"start":{"line":64,"column":4},"end":{"line":64,"column":21}},"31":{"start":{"line":65,"column":4},"end":{"line":65,"column":39}}},"fnMap":{"0":{"name":"(anonymous_1)","decl":{"start":{"line":14,"column":27},"end":{"line":14,"column":30}},"loc":{"start":{"line":14,"column":13},"end":{"line":14,"column":27}}},"1":{"name":"(anonymous_2)","decl":{"start":{"line":15,"column":22},"end":{"line":15,"column":25}},"loc":{"start":{"line":15,"column":13},"end":{"line":15,"column":22}}},"2":{"name":"(anonymous_3)","decl":{"start":{"line":16,"column":29},"end":{"line":16,"column":32}},"loc":{"start":{"line":16,"column":13},"end":{"line":16,"column":29}}},"3":{"name":"(anonymous_4)","decl":{"start":{"line":17,"column":37},"end":{"line":17,"column":40}},"loc":{"start":{"line":17,"column":13},"end":{"line":17,"column":37}}},"4":{"name":"(anonymous_5)","decl":{"start":{"line":67,"column":1},"end":{"line":67,"column":null}},"loc":{"start":{"line":28,"column":24},"end":{"line":28,"column":31}}},"5":{"name":"handler","decl":{"start":{"line":28,"column":24},"end":{"line":28,"column":31}},"loc":{"start":{"line":31,"column":2},"end":{"line":67,"column":null}}}},"branchMap":{"0":{"loc":{"start":{"line":32,"column":2},"end":{"line":35,"column":null}},"type":"if","locations":[{"start":{"line":32,"column":2},"end":{"line":35,"column":null}}]},"1":{"loc":{"start":{"line":40,"column":4},"end":{"line":43,"column":null}},"type":"if","locations":[{"start":{"line":40,"column":4},"end":{"line":43,"column":null}}]},"2":{"loc":{"start":{"line":45,"column":4},"end":{"line":48,"column":null}},"type":"if","locations":[{"start":{"line":45,"column":4},"end":{"line":48,"column":null}}]},"3":{"loc":{"start":{"line":50,"column":4},"end":{"line":53,"column":null}},"type":"if","locations":[{"start":{"line":50,"column":4},"end":{"line":53,"column":null}}]},"4":{"loc":{"start":{"line":55,"column":4},"end":{"line":58,"column":null}},"type":"if","locations":[{"start":{"line":55,"column":4},"end":{"line":58,"column":null}}]}},"s":{"0":1,"1":1,"2":1,"3":1,"4":7,"5":1,"6":1,"7":1,"8":1,"9":1,"10":1,"11":7,"12":1,"13":1,"14":6,"15":6,"16":6,"17":1,"18":1,"19":4,"20":1,"21":1,"22":3,"23":1,"24":1,"25":2,"26":1,"27":1,"28":1,"29":1,"30":1,"31":1},"f":{"0":1,"1":1,"2":1,"3":1,"4":7,"5":7},"b":{"0":[1],"1":[1],"2":[1],"3":[1],"4":[1]}}
,"C:\\Users\\Luiz Henrique\\Desktop\\dh\\front-end\\ctd-esp-front3-final\\pages\\characters\\[id].page.tsx": {"path":"C:\\Users\\Luiz Henrique\\Desktop\\dh\\front-end\\ctd-esp-front3-final\\pages\\characters\\[id].page.tsx","statementMap":{"0":{"start":{"line":31,"column":0},"end":{"line":31,"column":15}},"1":{"start":{"line":39,"column":13},"end":{"line":39,"column":31}},"2":{"start":{"line":2,"column":17},"end":{"line":2,"column":null}},"3":{"start":{"line":4,"column":23},"end":{"line":4,"column":null}},"4":{"start":{"line":5,"column":23},"end":{"line":5,"column":null}},"5":{"start":{"line":7,"column":34},"end":{"line":7,"column":null}},"6":{"start":{"line":13,"column":44},"end":{"line":29,"column":1}},"7":{"start":{"line":14,"column":24},"end":{"line":14,"column":29}},"8":{"start":{"line":16,"column":2},"end":{"line":27,"column":null}},"9":{"start":{"line":31,"column":15},"end":{"line":31,"column":24}},"10":{"start":{"line":40,"column":2},"end":{"line":60,"column":3}},"11":{"start":{"line":41,"column":23},"end":{"line":41,"column":30}},"12":{"start":{"line":42,"column":15},"end":{"line":42,"column":25}},"13":{"start":{"line":44,"column":4},"end":{"line":59,"column":null}},"14":{"start":{"line":45,"column":23},"end":{"line":45,"column":74}},"15":{"start":{"line":46,"column":24},"end":{"line":46,"column":44}},"16":{"start":{"line":48,"column":6},"end":{"line":50,"column":8}},"17":{"start":{"line":52,"column":6},"end":{"line":58,"column":8}}},"fnMap":{"0":{"name":"(anonymous_1)","decl":{"start":{"line":31,"column":25},"end":{"line":31,"column":null}},"loc":{"start":{"line":31,"column":0},"end":{"line":31,"column":15}}},"1":{"name":"(anonymous_2)","decl":{"start":{"line":39,"column":31},"end":{"line":39,"column":null}},"loc":{"start":{"line":39,"column":13},"end":{"line":39,"column":31}}},"2":{"name":"(anonymous_4)","decl":{"start":{"line":13,"column":44},"end":{"line":13,"column":45}},"loc":{"start":{"line":13,"column":55},"end":{"line":29,"column":1}}},"3":{"name":"(anonymous_5)","decl":{"start":{"line":40,"column":2},"end":{"line":40,"column":9}},"loc":{"start":{"line":40,"column":21},"end":{"line":60,"column":3}}}},"branchMap":{},"s":{"0":0,"1":0,"2":0,"3":0,"4":0,"5":0,"6":0,"7":0,"8":0,"9":0,"10":0,"11":0,"12":0,"13":0,"14":0,"15":0,"16":0,"17":0},"f":{"0":0,"1":0,"2":0,"3":0},"b":{}}
,"C:\\Users\\Luiz Henrique\\Desktop\\dh\\front-end\\ctd-esp-front3-final\\pages\\checkout\\index.page.tsx": {"path":"C:\\Users\\Luiz Henrique\\Desktop\\dh\\front-end\\ctd-esp-front3-final\\pages\\checkout\\index.page.tsx","statementMap":{"0":{"start":{"line":23,"column":0},"end":{"line":23,"column":15}},"1":{"start":{"line":2,"column":17},"end":{"line":2,"column":null}},"2":{"start":{"line":4,"column":23},"end":{"line":4,"column":null}},"3":{"start":{"line":5,"column":33},"end":{"line":5,"column":null}},"4":{"start":{"line":7,"column":27},"end":{"line":21,"column":1}},"5":{"start":{"line":8,"column":2},"end":{"line":19,"column":null}},"6":{"start":{"line":23,"column":15},"end":{"line":23,"column":23}}},"fnMap":{"0":{"name":"(anonymous_0)","decl":{"start":{"line":23,"column":0},"end":{"line":23,"column":15}},"loc":{"start":{"line":23,"column":0},"end":{"line":23,"column":15}}},"1":{"name":"(anonymous_2)","decl":{"start":{"line":7,"column":27},"end":{"line":7,"column":33}},"loc":{"start":{"line":7,"column":33},"end":{"line":21,"column":1}}}},"branchMap":{},"s":{"0":0,"1":0,"2":0,"3":0,"4":0,"5":0,"6":0},"f":{"0":0,"1":0},"b":{}}
,"C:\\Users\\Luiz Henrique\\Desktop\\dh\\front-end\\ctd-esp-front3-final\\pages\\comics\\[id].page.tsx": {"path":"C:\\Users\\Luiz Henrique\\Desktop\\dh\\front-end\\ctd-esp-front3-final\\pages\\comics\\[id].page.tsx","statementMap":{"0":{"start":{"line":32,"column":0},"end":{"line":32,"column":15}},"1":{"start":{"line":40,"column":13},"end":{"line":40,"column":27}},"2":{"start":{"line":57,"column":13},"end":{"line":57,"column":27}},"3":{"start":{"line":2,"column":17},"end":{"line":2,"column":null}},"4":{"start":{"line":4,"column":23},"end":{"line":4,"column":null}},"5":{"start":{"line":5,"column":23},"end":{"line":5,"column":null}},"6":{"start":{"line":6,"column":37},"end":{"line":6,"column":null}},"7":{"start":{"line":8,"column":30},"end":{"line":8,"column":null}},"8":{"start":{"line":14,"column":36},"end":{"line":30,"column":1}},"9":{"start":{"line":15,"column":20},"end":{"line":15,"column":25}},"10":{"start":{"line":17,"column":2},"end":{"line":28,"column":null}},"11":{"start":{"line":32,"column":15},"end":{"line":32,"column":20}},"12":{"start":{"line":40,"column":46},"end":{"line":55,"column":1}},"13":{"start":{"line":41,"column":17},"end":{"line":41,"column":45}},"14":{"start":{"line":43,"column":16},"end":{"line":49,"column":4}},"15":{"start":{"line":44,"column":4},"end":{"line":48,"column":6}},"16":{"start":{"line":51,"column":2},"end":{"line":54,"column":4}},"17":{"start":{"line":57,"column":67},"end":{"line":84,"column":1}},"18":{"start":{"line":60,"column":21},"end":{"line":60,"column":28}},"19":{"start":{"line":62,"column":13},"end":{"line":62,"column":23}},"20":{"start":{"line":64,"column":2},"end":{"line":83,"column":null}},"21":{"start":{"line":69,"column":8},"end":{"line":69,"column":51}},"22":{"start":{"line":70,"column":18},"end":{"line":70,"column":28}},"23":{"start":{"line":72,"column":4},"end":{"line":74,"column":6}},"24":{"start":{"line":76,"column":4},"end":{"line":82,"column":6}}},"fnMap":{"0":{"name":"(anonymous_1)","decl":{"start":{"line":32,"column":21},"end":{"line":32,"column":null}},"loc":{"start":{"line":32,"column":0},"end":{"line":32,"column":15}}},"1":{"name":"(anonymous_2)","decl":{"start":{"line":40,"column":27},"end":{"line":40,"column":46}},"loc":{"start":{"line":40,"column":13},"end":{"line":40,"column":27}}},"2":{"name":"(anonymous_3)","decl":{"start":{"line":57,"column":27},"end":{"line":57,"column":67}},"loc":{"start":{"line":57,"column":13},"end":{"line":57,"column":27}}},"3":{"name":"(anonymous_5)","decl":{"start":{"line":14,"column":36},"end":{"line":14,"column":37}},"loc":{"start":{"line":14,"column":47},"end":{"line":30,"column":1}}},"4":{"name":"(anonymous_6)","decl":{"start":{"line":40,"column":46},"end":{"line":40,"column":58}},"loc":{"start":{"line":40,"column":58},"end":{"line":55,"column":1}}},"5":{"name":"(anonymous_7)","decl":{"start":{"line":43,"column":27},"end":{"line":43,"column":28}},"loc":{"start":{"line":43,"column":38},"end":{"line":49,"column":4}}},"6":{"name":"(anonymous_8)","decl":{"start":{"line":57,"column":67},"end":{"line":57,"column":null}},"loc":{"start":{"line":59,"column":5},"end":{"line":84,"column":1}}}},"branchMap":{},"s":{"0":0,"1":0,"2":0,"3":0,"4":0,"5":0,"6":0,"7":0,"8":0,"9":0,"10":0,"11":0,"12":0,"13":0,"14":0,"15":0,"16":0,"17":0,"18":0,"19":0,"20":0,"21":0,"22":0,"23":0,"24":0},"f":{"0":0,"1":0,"2":0,"3":0,"4":0,"5":0,"6":0},"b":{}}
,"C:\\Users\\Luiz Henrique\\Desktop\\dh\\front-end\\ctd-esp-front3-final\\pages\\faq\\index.page.tsx": {"path":"C:\\Users\\Luiz Henrique\\Desktop\\dh\\front-end\\ctd-esp-front3-final\\pages\\faq\\index.page.tsx","statementMap":{"0":{"start":{"line":22,"column":0},"end":{"line":22,"column":15}},"1":{"start":{"line":1,"column":28},"end":{"line":1,"column":null}},"2":{"start":{"line":2,"column":23},"end":{"line":2,"column":null}},"3":{"start":{"line":4,"column":17},"end":{"line":4,"column":null}},"4":{"start":{"line":6,"column":22},"end":{"line":20,"column":1}},"5":{"start":{"line":7,"column":2},"end":{"line":18,"column":null}},"6":{"start":{"line":22,"column":15},"end":{"line":22,"column":18}}},"fnMap":{"0":{"name":"(anonymous_0)","decl":{"start":{"line":22,"column":0},"end":{"line":22,"column":15}},"loc":{"start":{"line":22,"column":0},"end":{"line":22,"column":15}}},"1":{"name":"(anonymous_2)","decl":{"start":{"line":6,"column":22},"end":{"line":6,"column":28}},"loc":{"start":{"line":6,"column":28},"end":{"line":20,"column":1}}}},"branchMap":{},"s":{"0":0,"1":0,"2":0,"3":0,"4":0,"5":0,"6":0},"f":{"0":0,"1":0},"b":{}}
,"C:\\Users\\Luiz Henrique\\Desktop\\dh\\front-end\\ctd-esp-front3-final\\pages\\success\\index.page.tsx": {"path":"C:\\Users\\Luiz Henrique\\Desktop\\dh\\front-end\\ctd-esp-front3-final\\pages\\success\\index.page.tsx","statementMap":{"0":{"start":{"line":22,"column":0},"end":{"line":22,"column":15}},"1":{"start":{"line":1,"column":32},"end":{"line":1,"column":null}},"2":{"start":{"line":2,"column":23},"end":{"line":2,"column":null}},"3":{"start":{"line":4,"column":17},"end":{"line":4,"column":null}},"4":{"start":{"line":6,"column":26},"end":{"line":20,"column":1}},"5":{"start":{"line":7,"column":2},"end":{"line":18,"column":null}},"6":{"start":{"line":22,"column":15},"end":{"line":22,"column":22}}},"fnMap":{"0":{"name":"(anonymous_0)","decl":{"start":{"line":22,"column":0},"end":{"line":22,"column":15}},"loc":{"start":{"line":22,"column":0},"end":{"line":22,"column":15}}},"1":{"name":"(anonymous_2)","decl":{"start":{"line":6,"column":26},"end":{"line":6,"column":32}},"loc":{"start":{"line":6,"column":32},"end":{"line":20,"column":1}}}},"branchMap":{},"s":{"0":0,"1":0,"2":0,"3":0,"4":0,"5":0,"6":0},"f":{"0":0,"1":0},"b":{}}
,"C:\\Users\\Luiz Henrique\\Desktop\\dh\\front-end\\ctd-esp-front3-final\\services\\checkout\\checkout.errors.ts": {"path":"C:\\Users\\Luiz Henrique\\Desktop\\dh\\front-end\\ctd-esp-front3-final\\services\\checkout\\checkout.errors.ts","statementMap":{"0":{"start":{"line":3,"column":13},"end":{"line":3,"column":37}},"1":{"start":{"line":8,"column":13},"end":{"line":8,"column":37}},"2":{"start":{"line":13,"column":13},"end":{"line":13,"column":45}},"3":{"start":{"line":19,"column":13},"end":{"line":19,"column":38}},"4":{"start":{"line":25,"column":13},"end":{"line":25,"column":36}},"5":{"start":{"line":31,"column":13},"end":{"line":31,"column":25}},"6":{"start":{"line":36,"column":13},"end":{"line":36,"column":16}},"7":{"start":{"line":1,"column":18},"end":{"line":1,"column":null}},"8":{"start":{"line":3,"column":40},"end":{"line":6,"column":1}},"9":{"start":{"line":8,"column":40},"end":{"line":11,"column":1}},"10":{"start":{"line":13,"column":48},"end":{"line":17,"column":1}},"11":{"start":{"line":19,"column":41},"end":{"line":23,"column":1}},"12":{"start":{"line":25,"column":39},"end":{"line":29,"column":1}},"13":{"start":{"line":31,"column":28},"end":{"line":34,"column":1}},"14":{"start":{"line":36,"column":19},"end":{"line":38,"column":2}}},"fnMap":{"0":{"name":"(anonymous_1)","decl":{"start":{"line":3,"column":37},"end":{"line":3,"column":40}},"loc":{"start":{"line":3,"column":13},"end":{"line":3,"column":37}}},"1":{"name":"(anonymous_2)","decl":{"start":{"line":8,"column":37},"end":{"line":8,"column":40}},"loc":{"start":{"line":8,"column":13},"end":{"line":8,"column":37}}},"2":{"name":"(anonymous_3)","decl":{"start":{"line":13,"column":45},"end":{"line":13,"column":48}},"loc":{"start":{"line":13,"column":13},"end":{"line":13,"column":45}}},"3":{"name":"(anonymous_4)","decl":{"start":{"line":19,"column":38},"end":{"line":19,"column":41}},"loc":{"start":{"line":19,"column":13},"end":{"line":19,"column":38}}},"4":{"name":"(anonymous_5)","decl":{"start":{"line":25,"column":36},"end":{"line":25,"column":39}},"loc":{"start":{"line":25,"column":13},"end":{"line":25,"column":36}}},"5":{"name":"(anonymous_6)","decl":{"start":{"line":31,"column":25},"end":{"line":31,"column":28}},"loc":{"start":{"line":31,"column":13},"end":{"line":31,"column":25}}},"6":{"name":"(anonymous_7)","decl":{"start":{"line":36,"column":16},"end":{"line":36,"column":19}},"loc":{"start":{"line":36,"column":13},"end":{"line":36,"column":16}}}},"branchMap":{},"s":{"0":2,"1":2,"2":2,"3":2,"4":2,"5":2,"6":0,"7":3,"8":3,"9":3,"10":3,"11":3,"12":3,"13":3,"14":3},"f":{"0":2,"1":2,"2":2,"3":2,"4":2,"5":2,"6":0},"b":{}}
,"C:\\Users\\Luiz Henrique\\Desktop\\dh\\front-end\\ctd-esp-front3-final\\services\\marvel\\marvel-auth.service.ts": {"path":"C:\\Users\\Luiz Henrique\\Desktop\\dh\\front-end\\ctd-esp-front3-final\\services\\marvel\\marvel-auth.service.ts","statementMap":{"0":{"start":{"line":6,"column":13},"end":{"line":6,"column":41}},"1":{"start":{"line":1,"column":16},"end":{"line":1,"column":null}},"2":{"start":{"line":3,"column":19},"end":{"line":3,"column":64}},"3":{"start":{"line":4,"column":20},"end":{"line":4,"column":66}},"4":{"start":{"line":6,"column":44},"end":{"line":12,"column":1}},"5":{"start":{"line":7,"column":13},"end":{"line":7,"column":33}},"6":{"start":{"line":8,"column":15},"end":{"line":8,"column":54}},"7":{"start":{"line":9,"column":15},"end":{"line":9,"column":59}},"8":{"start":{"line":11,"column":2},"end":{"line":11,"column":14}}},"fnMap":{"0":{"name":"(anonymous_0)","decl":{"start":{"line":6,"column":13},"end":{"line":6,"column":41}},"loc":{"start":{"line":6,"column":13},"end":{"line":6,"column":41}}},"1":{"name":"(anonymous_2)","decl":{"start":{"line":6,"column":44},"end":{"line":6,"column":50}},"loc":{"start":{"line":6,"column":50},"end":{"line":12,"column":1}}}},"branchMap":{},"s":{"0":8,"1":2,"2":2,"3":2,"4":2,"5":8,"6":8,"7":8,"8":8},"f":{"0":8,"1":8},"b":{}}
,"C:\\Users\\Luiz Henrique\\Desktop\\dh\\front-end\\ctd-esp-front3-final\\services\\marvel\\marvel.service.ts": {"path":"C:\\Users\\Luiz Henrique\\Desktop\\dh\\front-end\\ctd-esp-front3-final\\services\\marvel\\marvel.service.ts","statementMap":{"0":{"start":{"line":12,"column":13},"end":{"line":12,"column":19}},"1":{"start":{"line":33,"column":13},"end":{"line":33,"column":22}},"2":{"start":{"line":40,"column":13},"end":{"line":40,"column":21}},"3":{"start":{"line":62,"column":13},"end":{"line":62,"column":25}},"4":{"start":{"line":1,"column":45},"end":{"line":1,"column":null}},"5":{"start":{"line":3,"column":18},"end":{"line":3,"column":null}},"6":{"start":{"line":4,"column":16},"end":{"line":4,"column":null}},"7":{"start":{"line":6,"column":23},"end":{"line":6,"column":61}},"8":{"start":{"line":7,"column":19},"end":{"line":7,"column":64}},"9":{"start":{"line":8,"column":20},"end":{"line":8,"column":66}},"10":{"start":{"line":10,"column":11},"end":{"line":10,"column":22}},"11":{"start":{"line":12,"column":22},"end":{"line":22,"column":2}},"12":{"start":{"line":24,"column":17},"end":{"line":31,"column":1}},"13":{"start":{"line":25,"column":15},"end":{"line":25,"column":45}},"14":{"start":{"line":27,"column":14},"end":{"line":27,"column":72}},"15":{"start":{"line":28,"column":19},"end":{"line":28,"column":35}},"16":{"start":{"line":30,"column":2},"end":{"line":30,"column":31}},"17":{"start":{"line":33,"column":25},"end":{"line":38,"column":1}},"18":{"start":{"line":34,"column":17},"end":{"line":34,"column":38}},"19":{"start":{"line":35,"column":2},"end":{"line":35,"column":48}},"20":{"start":{"line":35,"column":14},"end":{"line":35,"column":48}},"21":{"start":{"line":36,"column":2},"end":{"line":36,"column":45}},"22":{"start":{"line":36,"column":13},"end":{"line":36,"column":45}},"23":{"start":{"line":37,"column":2},"end":{"line":37,"column":47}},"24":{"start":{"line":40,"column":24},"end":{"line":56,"column":1}},"25":{"start":{"line":41,"column":15},"end":{"line":41,"column":50}},"26":{"start":{"line":42,"column":18},"end":{"line":42,"column":35}},"27":{"start":{"line":43,"column":2},"end":{"line":55,"column":21}},"28":{"start":{"line":44,"column":18},"end":{"line":44,"column":28}},"29":{"start":{"line":45,"column":4},"end":{"line":53,"column":null}},"30":{"start":{"line":46,"column":6},"end":{"line":46,"column":23}},"31":{"start":{"line":47,"column":6},"end":{"line":47,"column":26}},"32":{"start":{"line":48,"column":6},"end":{"line":48,"column":22}},"33":{"start":{"line":50,"column":6},"end":{"line":50,"column":23}},"34":{"start":{"line":51,"column":6},"end":{"line":51,"column":26}},"35":{"start":{"line":52,"column":6},"end":{"line":52,"column":22}},"36":{"start":{"line":54,"column":4},"end":{"line":54,"column":17}},"37":{"start":{"line":55,"column":9},"end":{"line":55,"column":21}},"38":{"start":{"line":62,"column":28},"end":{"line":67,"column":1}},"39":{"start":{"line":63,"column":15},"end":{"line":63,"column":58}},"40":{"start":{"line":64,"column":18},"end":{"line":64,"column":35}},"41":{"start":{"line":65,"column":2},"end":{"line":66,"column":19}},"42":{"start":{"line":65,"column":26},"end":{"line":65,"column":44}},"43":{"start":{"line":66,"column":7},"end":{"line":66,"column":19}}},"fnMap":{"0":{"name":"(anonymous_1)","decl":{"start":{"line":12,"column":19},"end":{"line":12,"column":22}},"loc":{"start":{"line":12,"column":13},"end":{"line":12,"column":19}}},"1":{"name":"(anonymous_2)","decl":{"start":{"line":33,"column":22},"end":{"line":33,"column":25}},"loc":{"start":{"line":33,"column":13},"end":{"line":33,"column":22}}},"2":{"name":"(anonymous_3)","decl":{"start":{"line":40,"column":21},"end":{"line":40,"column":24}},"loc":{"start":{"line":40,"column":13},"end":{"line":40,"column":21}}},"3":{"name":"(anonymous_4)","decl":{"start":{"line":62,"column":25},"end":{"line":62,"column":28}},"loc":{"start":{"line":62,"column":13},"end":{"line":62,"column":25}}},"4":{"name":"(anonymous_6)","decl":{"start":{"line":24,"column":17},"end":{"line":24,"column":24}},"loc":{"start":{"line":24,"column":65},"end":{"line":31,"column":1}}},"5":{"name":"(anonymous_7)","decl":{"start":{"line":33,"column":25},"end":{"line":33,"column":32}},"loc":{"start":{"line":33,"column":68},"end":{"line":38,"column":1}}},"6":{"name":"(anonymous_8)","decl":{"start":{"line":40,"column":24},"end":{"line":40,"column":31}},"loc":{"start":{"line":40,"column":51},"end":{"line":56,"column":1}}},"7":{"name":"(anonymous_9)","decl":{"start":{"line":62,"column":28},"end":{"line":62,"column":35}},"loc":{"start":{"line":62,"column":59},"end":{"line":67,"column":1}}}},"branchMap":{"0":{"loc":{"start":{"line":19,"column":20},"end":{"line":19,"column":50}},"type":"cond-expr","locations":[{"start":{"line":19,"column":34},"end":{"line":19,"column":45}},{"start":{"line":19,"column":48},"end":{"line":19,"column":50}}]},"1":{"loc":{"start":{"line":27,"column":55},"end":{"line":27,"column":70}},"type":"binary-expr","locations":[{"start":{"line":27,"column":55},"end":{"line":27,"column":64}},{"start":{"line":27,"column":68},"end":{"line":27,"column":70}}]},"2":{"loc":{"start":{"line":35,"column":2},"end":{"line":35,"column":48}},"type":"if","locations":[{"start":{"line":35,"column":2},"end":{"line":35,"column":48}}]},"3":{"loc":{"start":{"line":36,"column":2},"end":{"line":36,"column":45}},"type":"if","locations":[{"start":{"line":36,"column":2},"end":{"line":36,"column":45}}]},"4":{"loc":{"start":{"line":43,"column":2},"end":{"line":55,"column":21}},"type":"if","locations":[{"start":{"line":43,"column":2},"end":{"line":55,"column":21}},{"start":{"line":55,"column":9},"end":{"line":55,"column":21}}]},"5":{"loc":{"start":{"line":45,"column":4},"end":{"line":53,"column":null}},"type":"if","locations":[{"start":{"line":45,"column":4},"end":{"line":53,"column":null}},{"start":{"line":49,"column":11},"end":{"line":53,"column":null}}]},"6":{"loc":{"start":{"line":65,"column":2},"end":{"line":66,"column":19}},"type":"if","locations":[{"start":{"line":65,"column":2},"end":{"line":66,"column":19}},{"start":{"line":66,"column":7},"end":{"line":66,"column":19}}]}},"s":{"0":0,"1":2,"2":3,"3":2,"4":1,"5":1,"6":1,"7":1,"8":1,"9":1,"10":1,"11":1,"12":1,"13":7,"14":7,"15":7,"16":0,"17":1,"18":2,"19":2,"20":1,"21":2,"22":1,"23":2,"24":1,"25":3,"26":0,"27":0,"28":0,"29":0,"30":0,"31":0,"32":0,"33":0,"34":0,"35":0,"36":0,"37":0,"38":1,"39":2,"40":0,"41":0,"42":0,"43":0},"f":{"0":0,"1":2,"2":3,"3":2,"4":7,"5":2,"6":3,"7":2},"b":{"0":[0,1],"1":[7,6],"2":[1],"3":[1],"4":[0,0],"5":[0,0],"6":[0,0]}}
}
