{"C:\\Users\\Luiz Henrique\\Desktop\\dh\\front-end\\ctd-esp-front3-final\\components\\ComicTemplate\\index.tsx": {"path":"C:\\Users\\Luiz Henrique\\Desktop\\dh\\front-end\\ctd-esp-front3-final\\components\\ComicTemplate\\index.tsx","statementMap":{"0":{"start":{"line":15,"column":13},"end":{"line":15,"column":26}},"1":{"start":{"line":1,"column":18},"end":{"line":1,"column":null}},"2":{"start":{"line":3,"column":53},"end":{"line":3,"column":null}},"3":{"start":{"line":4,"column":25},"end":{"line":4,"column":null}},"4":{"start":{"line":7,"column":31},"end":{"line":7,"column":null}},"5":{"start":{"line":8,"column":17},"end":{"line":8,"column":null}},"6":{"start":{"line":9,"column":35},"end":{"line":9,"column":null}},"7":{"start":{"line":15,"column":29},"end":{"line":139,"column":1}},"8":{"start":{"line":18,"column":6},"end":{"line":18,"column":11}},"9":{"start":{"line":20,"column":16},"end":{"line":20,"column":58}},"10":{"start":{"line":21,"column":16},"end":{"line":21,"column":31}},"11":{"start":{"line":23,"column":2},"end":{"line":137,"column":null}},"12":{"start":{"line":113,"column":48},"end":{"line":113,"column":57}},"13":{"start":{"line":114,"column":29},"end":{"line":114,"column":60}},"14":{"start":{"line":116,"column":18},"end":{"line":129,"column":null}}},"fnMap":{"0":{"name":"(anonymous_0)","decl":{"start":{"line":15,"column":13},"end":{"line":15,"column":26}},"loc":{"start":{"line":15,"column":13},"end":{"line":15,"column":26}}},"1":{"name":"(anonymous_2)","decl":{"start":{"line":15,"column":29},"end":{"line":15,"column":30}},"loc":{"start":{"line":15,"column":52},"end":{"line":139,"column":1}}},"2":{"name":"(anonymous_3)","decl":{"start":{"line":112,"column":38},"end":{"line":112,"column":39}},"loc":{"start":{"line":112,"column":53},"end":{"line":131,"column":18}}}},"branchMap":{"0":{"loc":{"start":{"line":56,"column":17},"end":{"line":89,"column":31}},"type":"cond-expr","locations":[{"start":{"line":57,"column":18},"end":{"line":80,"column":null}},{"start":{"line":82,"column":18},"end":{"line":89,"column":31}}]}},"s":{"0":0,"1":0,"2":0,"3":0,"4":0,"5":0,"6":0,"7":0,"8":0,"9":0,"10":0,"11":0,"12":0,"13":0,"14":0},"f":{"0":0,"1":0,"2":0},"b":{"0":[0,0]}}
,"C:\\Users\\Luiz Henrique\\Desktop\\dh\\front-end\\ctd-esp-front3-final\\components\\ComicsList\\card.tsx": {"path":"C:\\Users\\Luiz Henrique\\Desktop\\dh\\front-end\\ctd-esp-front3-final\\components\\ComicsList\\card.tsx","statementMap":{"0":{"start":{"line":69,"column":13},"end":{"line":69,"column":28}},"1":{"start":{"line":71,"column":13},"end":{"line":71,"column":22}},"2":{"start":{"line":3,"column":17},"end":{"line":3,"column":null}},"3":{"start":{"line":4,"column":22},"end":{"line":4,"column":null}},"4":{"start":{"line":5,"column":24},"end":{"line":5,"column":null}},"5":{"start":{"line":6,"column":24},"end":{"line":6,"column":null}},"6":{"start":{"line":7,"column":23},"end":{"line":7,"column":null}},"7":{"start":{"line":10,"column":19},"end":{"line":10,"column":null}},"8":{"start":{"line":11,"column":26},"end":{"line":11,"column":null}},"9":{"start":{"line":17,"column":15},"end":{"line":67,"column":2}},"10":{"start":{"line":17,"column":34},"end":{"line":67,"column":2}},"11":{"start":{"line":69,"column":31},"end":{"line":69,"column":43}},"12":{"start":{"line":71,"column":25},"end":{"line":135,"column":1}},"13":{"start":{"line":72,"column":20},"end":{"line":72,"column":25}},"14":{"start":{"line":74,"column":35},"end":{"line":74,"column":40}},"15":{"start":{"line":75,"column":16},"end":{"line":75,"column":58}},"16":{"start":{"line":77,"column":19},"end":{"line":77,"column":30}},"17":{"start":{"line":79,"column":2},"end":{"line":133,"column":null}},"18":{"start":{"line":118,"column":27},"end":{"line":118,"column":48}}},"fnMap":{"0":{"name":"(anonymous_1)","decl":{"start":{"line":69,"column":28},"end":{"line":69,"column":31}},"loc":{"start":{"line":69,"column":13},"end":{"line":69,"column":28}}},"1":{"name":"(anonymous_2)","decl":{"start":{"line":71,"column":22},"end":{"line":71,"column":25}},"loc":{"start":{"line":71,"column":13},"end":{"line":71,"column":22}}},"2":{"name":"(anonymous_4)","decl":{"start":{"line":17,"column":15},"end":{"line":17,"column":16}},"loc":{"start":{"line":17,"column":34},"end":{"line":67,"column":2}}},"3":{"name":"(anonymous_5)","decl":{"start":{"line":71,"column":25},"end":{"line":71,"column":26}},"loc":{"start":{"line":71,"column":52},"end":{"line":135,"column":1}}},"4":{"name":"(anonymous_6)","decl":{"start":{"line":118,"column":21},"end":{"line":118,"column":27}},"loc":{"start":{"line":118,"column":27},"end":{"line":118,"column":48}}}},"branchMap":{},"s":{"0":0,"1":49,"2":1,"3":1,"4":1,"5":1,"6":1,"7":1,"8":1,"9":1,"10":0,"11":1,"12":1,"13":101,"14":100,"15":100,"16":100,"17":0,"18":0},"f":{"0":0,"1":49,"2":0,"3":101,"4":0},"b":{}}
,"C:\\Users\\Luiz Henrique\\Desktop\\dh\\front-end\\ctd-esp-front3-final\\components\\ComicsList\\index.tsx": {"path":"C:\\Users\\Luiz Henrique\\Desktop\\dh\\front-end\\ctd-esp-front3-final\\components\\ComicsList\\index.tsx","statementMap":{"0":{"start":{"line":9,"column":13},"end":{"line":9,"column":29}},"1":{"start":{"line":11,"column":13},"end":{"line":11,"column":23}},"2":{"start":{"line":1,"column":17},"end":{"line":1,"column":null}},"3":{"start":{"line":3,"column":26},"end":{"line":3,"column":null}},"4":{"start":{"line":9,"column":32},"end":{"line":9,"column":45}},"5":{"start":{"line":11,"column":26},"end":{"line":25,"column":1}},"6":{"start":{"line":12,"column":21},"end":{"line":12,"column":26}},"7":{"start":{"line":14,"column":2},"end":{"line":23,"column":null}},"8":{"start":{"line":17,"column":8},"end":{"line":20,"column":null}}},"fnMap":{"0":{"name":"(anonymous_1)","decl":{"start":{"line":9,"column":29},"end":{"line":9,"column":32}},"loc":{"start":{"line":9,"column":13},"end":{"line":9,"column":29}}},"1":{"name":"(anonymous_2)","decl":{"start":{"line":11,"column":23},"end":{"line":11,"column":26}},"loc":{"start":{"line":11,"column":13},"end":{"line":11,"column":23}}},"2":{"name":"(anonymous_4)","decl":{"start":{"line":11,"column":26},"end":{"line":11,"column":27}},"loc":{"start":{"line":11,"column":54},"end":{"line":25,"column":1}}},"3":{"name":"(anonymous_5)","decl":{"start":{"line":16,"column":18},"end":{"line":16,"column":19}},"loc":{"start":{"line":16,"column":29},"end":{"line":22,"column":8}}}},"branchMap":{},"s":{"0":0,"1":2,"2":1,"3":1,"4":1,"5":1,"6":5,"7":4,"8":48},"f":{"0":0,"1":2,"2":5,"3":48},"b":{}}
,"C:\\Users\\Luiz Henrique\\Desktop\\dh\\front-end\\ctd-esp-front3-final\\components\\ComicsList\\mock.ts": {"path":"C:\\Users\\Luiz Henrique\\Desktop\\dh\\front-end\\ctd-esp-front3-final\\components\\ComicsList\\mock.ts","statementMap":{"0":{"start":{"line":3,"column":13},"end":{"line":3,"column":19}},"1":{"start":{"line":3,"column":36},"end":{"line":1904,"column":1}}},"fnMap":{"0":{"name":"(anonymous_0)","decl":{"start":{"line":3,"column":13},"end":{"line":3,"column":19}},"loc":{"start":{"line":3,"column":13},"end":{"line":3,"column":19}}}},"branchMap":{},"s":{"0":3,"1":1},"f":{"0":3},"b":{}}
,"C:\\Users\\Luiz Henrique\\Desktop\\dh\\front-end\\ctd-esp-front3-final\\components\\faqs\\faqsData.ts": {"path":"C:\\Users\\Luiz Henrique\\Desktop\\dh\\front-end\\ctd-esp-front3-final\\components\\faqs\\faqsData.ts","statementMap":{"0":{"start":{"line":7,"column":13},"end":{"line":7,"column":21}},"1":{"start":{"line":7,"column":36},"end":{"line":38,"column":1}}},"fnMap":{"0":{"name":"(anonymous_0)","decl":{"start":{"line":7,"column":13},"end":{"line":7,"column":21}},"loc":{"start":{"line":7,"column":13},"end":{"line":7,"column":21}}}},"branchMap":{},"s":{"0":0,"1":0},"f":{"0":0},"b":{}}
,"C:\\Users\\Luiz Henrique\\Desktop\\dh\\front-end\\ctd-esp-front3-final\\components\\layouts\\layout-checkout.tsx": {"path":"C:\\Users\\Luiz Henrique\\Desktop\\dh\\front-end\\ctd-esp-front3-final\\components\\layouts\\layout-checkout.tsx","statementMap":{"0":{"start":{"line":23,"column":0},"end":{"line":23,"column":15}},"1":{"start":{"line":1,"column":23},"end":{"line":1,"column":null}},"2":{"start":{"line":3,"column":22},"end":{"line":3,"column":null}},"3":{"start":{"line":4,"column":16},"end":{"line":4,"column":null}},"4":{"start":{"line":5,"column":26},"end":{"line":5,"column":null}},"5":{"start":{"line":6,"column":26},"end":{"line":6,"column":null}},"6":{"start":{"line":8,"column":46},"end":{"line":22,"column":1}},"7":{"start":{"line":11,"column":2},"end":{"line":20,"column":null}},"8":{"start":{"line":23,"column":15},"end":{"line":23,"column":29}}},"fnMap":{"0":{"name":"(anonymous_0)","decl":{"start":{"line":23,"column":0},"end":{"line":23,"column":15}},"loc":{"start":{"line":23,"column":0},"end":{"line":23,"column":15}}},"1":{"name":"(anonymous_5)","decl":{"start":{"line":8,"column":46},"end":{"line":8,"column":47}},"loc":{"start":{"line":10,"column":25},"end":{"line":22,"column":1}}}},"branchMap":{},"s":{"0":3,"1":1,"2":1,"3":1,"4":1,"5":1,"6":1,"7":3,"8":1},"f":{"0":3,"1":3},"b":{}}
,"C:\\Users\\Luiz Henrique\\Desktop\\dh\\front-end\\ctd-esp-front3-final\\components\\layouts\\layout-general.tsx": {"path":"C:\\Users\\Luiz Henrique\\Desktop\\dh\\front-end\\ctd-esp-front3-final\\components\\layouts\\layout-general.tsx","statementMap":{"0":{"start":{"line":23,"column":0},"end":{"line":23,"column":15}},"1":{"start":{"line":1,"column":23},"end":{"line":1,"column":null}},"2":{"start":{"line":3,"column":22},"end":{"line":3,"column":null}},"3":{"start":{"line":4,"column":16},"end":{"line":4,"column":null}},"4":{"start":{"line":5,"column":26},"end":{"line":5,"column":null}},"5":{"start":{"line":6,"column":26},"end":{"line":6,"column":null}},"6":{"start":{"line":8,"column":45},"end":{"line":22,"column":1}},"7":{"start":{"line":11,"column":2},"end":{"line":20,"column":null}},"8":{"start":{"line":23,"column":15},"end":{"line":23,"column":28}}},"fnMap":{"0":{"name":"(anonymous_0)","decl":{"start":{"line":23,"column":0},"end":{"line":23,"column":15}},"loc":{"start":{"line":23,"column":0},"end":{"line":23,"column":15}}},"1":{"name":"(anonymous_5)","decl":{"start":{"line":8,"column":45},"end":{"line":8,"column":46}},"loc":{"start":{"line":10,"column":25},"end":{"line":22,"column":1}}}},"branchMap":{},"s":{"0":4,"1":2,"2":2,"3":2,"4":2,"5":2,"6":2,"7":5,"8":2},"f":{"0":4,"1":5},"b":{}}
,"C:\\Users\\Luiz Henrique\\Desktop\\dh\\front-end\\ctd-esp-front3-final\\components\\layouts\\body\\single\\body-single.tsx": {"path":"C:\\Users\\Luiz Henrique\\Desktop\\dh\\front-end\\ctd-esp-front3-final\\components\\layouts\\body\\single\\body-single.tsx","statementMap":{"0":{"start":{"line":35,"column":0},"end":{"line":35,"column":15}},"1":{"start":{"line":1,"column":23},"end":{"line":1,"column":null}},"2":{"start":{"line":3,"column":42},"end":{"line":3,"column":null}},"3":{"start":{"line":4,"column":34},"end":{"line":4,"column":null}},"4":{"start":{"line":11,"column":40},"end":{"line":34,"column":1}},"5":{"start":{"line":16,"column":2},"end":{"line":32,"column":null}},"6":{"start":{"line":35,"column":15},"end":{"line":35,"column":25}}},"fnMap":{"0":{"name":"(anonymous_0)","decl":{"start":{"line":35,"column":0},"end":{"line":35,"column":15}},"loc":{"start":{"line":35,"column":0},"end":{"line":35,"column":15}}},"1":{"name":"(anonymous_5)","decl":{"start":{"line":11,"column":40},"end":{"line":11,"column":41}},"loc":{"start":{"line":15,"column":23},"end":{"line":34,"column":1}}}},"branchMap":{"0":{"loc":{"start":{"line":19,"column":9},"end":{"line":28,"column":23}},"type":"binary-expr","locations":[{"start":{"line":19,"column":9},"end":{"line":19,"column":14}},{"start":{"line":20,"column":10},"end":{"line":28,"column":23}}]}},"s":{"0":2,"1":1,"2":1,"3":1,"4":1,"5":2,"6":1},"f":{"0":2,"1":2},"b":{"0":[2,1]}}
,"C:\\Users\\Luiz Henrique\\Desktop\\dh\\front-end\\ctd-esp-front3-final\\components\\layouts\\footer\\general-footer.component.tsx": {"path":"C:\\Users\\Luiz Henrique\\Desktop\\dh\\front-end\\ctd-esp-front3-final\\components\\layouts\\footer\\general-footer.component.tsx","statementMap":{"0":{"start":{"line":55,"column":0},"end":{"line":55,"column":15}},"1":{"start":{"line":1,"column":23},"end":{"line":1,"column":null}},"2":{"start":{"line":2,"column":16},"end":{"line":2,"column":null}},"3":{"start":{"line":3,"column":18},"end":{"line":3,"column":null}},"4":{"start":{"line":4,"column":33},"end":{"line":4,"column":null}},"5":{"start":{"line":6,"column":22},"end":{"line":54,"column":1}},"6":{"start":{"line":7,"column":2},"end":{"line":52,"column":null}},"7":{"start":{"line":55,"column":15},"end":{"line":55,"column":28}}},"fnMap":{"0":{"name":"(anonymous_0)","decl":{"start":{"line":55,"column":0},"end":{"line":55,"column":15}},"loc":{"start":{"line":55,"column":0},"end":{"line":55,"column":15}}},"1":{"name":"(anonymous_5)","decl":{"start":{"line":6,"column":22},"end":{"line":6,"column":28}},"loc":{"start":{"line":6,"column":28},"end":{"line":54,"column":1}}}},"branchMap":{},"s":{"0":4,"1":2,"2":2,"3":2,"4":2,"5":2,"6":4,"7":2},"f":{"0":4,"1":4},"b":{}}
,"C:\\Users\\Luiz Henrique\\Desktop\\dh\\front-end\\ctd-esp-front3-final\\components\\layouts\\header\\general-header.component.tsx": {"path":"C:\\Users\\Luiz Henrique\\Desktop\\dh\\front-end\\ctd-esp-front3-final\\components\\layouts\\header\\general-header.component.tsx","statementMap":{"0":{"start":{"line":70,"column":0},"end":{"line":70,"column":15}},"1":{"start":{"line":1,"column":23},"end":{"line":1,"column":null}},"2":{"start":{"line":3,"column":19},"end":{"line":3,"column":null}},"3":{"start":{"line":4,"column":16},"end":{"line":4,"column":null}},"4":{"start":{"line":5,"column":20},"end":{"line":5,"column":null}},"5":{"start":{"line":6,"column":22},"end":{"line":6,"column":null}},"6":{"start":{"line":7,"column":21},"end":{"line":7,"column":null}},"7":{"start":{"line":8,"column":32},"end":{"line":8,"column":null}},"8":{"start":{"line":14,"column":26},"end":{"line":54,"column":1}},"9":{"start":{"line":15,"column":2},"end":{"line":52,"column":null}},"10":{"start":{"line":56,"column":33},"end":{"line":64,"column":1}},"11":{"start":{"line":57,"column":2},"end":{"line":62,"column":32}},"12":{"start":{"line":66,"column":0},"end":{"line":68,"column":2}},"13":{"start":{"line":70,"column":15},"end":{"line":70,"column":28}}},"fnMap":{"0":{"name":"(anonymous_0)","decl":{"start":{"line":70,"column":0},"end":{"line":70,"column":15}},"loc":{"start":{"line":70,"column":0},"end":{"line":70,"column":15}}},"1":{"name":"(anonymous_5)","decl":{"start":{"line":14,"column":26},"end":{"line":14,"column":27}},"loc":{"start":{"line":14,"column":50},"end":{"line":54,"column":1}}},"2":{"name":"(anonymous_6)","decl":{"start":{"line":56,"column":33},"end":{"line":56,"column":34}},"loc":{"start":{"line":56,"column":57},"end":{"line":64,"column":1}}}},"branchMap":{"0":{"loc":{"start":{"line":35,"column":9},"end":{"line":49,"column":16}},"type":"binary-expr","locations":[{"start":{"line":35,"column":9},"end":{"line":35,"column":29}},{"start":{"line":36,"column":10},"end":{"line":49,"column":16}}]},"1":{"loc":{"start":{"line":57,"column":9},"end":{"line":62,"column":32}},"type":"cond-expr","locations":[{"start":{"line":58,"column":4},"end":{"line":60,"column":null}},{"start":{"line":62,"column":4},"end":{"line":62,"column":32}}]}},"s":{"0":8,"1":2,"2":2,"3":2,"4":2,"5":2,"6":2,"7":2,"8":2,"9":8,"10":2,"11":8,"12":2,"13":2},"f":{"0":8,"1":8,"2":8},"b":{"0":[8,5],"1":[5,3]}}
,"C:\\Users\\Luiz Henrique\\Desktop\\dh\\front-end\\ctd-esp-front3-final\\pages\\index.page.tsx": {"path":"C:\\Users\\Luiz Henrique\\Desktop\\dh\\front-end\\ctd-esp-front3-final\\pages\\index.page.tsx","statementMap":{"0":{"start":{"line":31,"column":0},"end":{"line":31,"column":15}},"1":{"start":{"line":33,"column":13},"end":{"line":33,"column":27}},"2":{"start":{"line":2,"column":17},"end":{"line":2,"column":null}},"3":{"start":{"line":4,"column":23},"end":{"line":4,"column":null}},"4":{"start":{"line":6,"column":27},"end":{"line":6,"column":null}},"5":{"start":{"line":7,"column":37},"end":{"line":7,"column":null}},"6":{"start":{"line":13,"column":36},"end":{"line":29,"column":1}},"7":{"start":{"line":14,"column":21},"end":{"line":14,"column":26}},"8":{"start":{"line":16,"column":2},"end":{"line":27,"column":null}},"9":{"start":{"line":31,"column":15},"end":{"line":31,"column":20}},"10":{"start":{"line":33,"column":46},"end":{"line":39,"column":1}},"11":{"start":{"line":34,"column":17},"end":{"line":34,"column":45}},"12":{"start":{"line":36,"column":2},"end":{"line":38,"column":4}}},"fnMap":{"0":{"name":"(anonymous_1)","decl":{"start":{"line":31,"column":21},"end":{"line":31,"column":null}},"loc":{"start":{"line":31,"column":0},"end":{"line":31,"column":15}}},"1":{"name":"(anonymous_2)","decl":{"start":{"line":33,"column":27},"end":{"line":33,"column":46}},"loc":{"start":{"line":33,"column":13},"end":{"line":33,"column":27}}},"2":{"name":"(anonymous_4)","decl":{"start":{"line":13,"column":36},"end":{"line":13,"column":37}},"loc":{"start":{"line":13,"column":47},"end":{"line":29,"column":1}}},"3":{"name":"(anonymous_5)","decl":{"start":{"line":33,"column":46},"end":{"line":33,"column":58}},"loc":{"start":{"line":33,"column":58},"end":{"line":39,"column":1}}}},"branchMap":{},"s":{"0":0,"1":0,"2":0,"3":0,"4":0,"5":0,"6":0,"7":0,"8":0,"9":0,"10":0,"11":0,"12":0},"f":{"0":0,"1":0,"2":0,"3":0},"b":{}}
,"C:\\Users\\Luiz Henrique\\Desktop\\dh\\front-end\\ctd-esp-front3-final\\pages\\api\\checkout.route.ts": {"path":"C:\\Users\\Luiz Henrique\\Desktop\\dh\\front-end\\ctd-esp-front3-final\\pages\\api\\checkout.route.ts","statementMap":{"0":{"start":{"line":13,"column":13},"end":{"line":13,"column":27}},"1":{"start":{"line":14,"column":13},"end":{"line":14,"column":22}},"2":{"start":{"line":15,"column":13},"end":{"line":15,"column":29}},"3":{"start":{"line":16,"column":13},"end":{"line":16,"column":37}},"4":{"start":{"line":27,"column":24},"end":{"line":27,"column":31}},"5":{"start":{"line":10,"column":7},"end":{"line":10,"column":null}},"6":{"start":{"line":12,"column":20},"end":{"line":12,"column":27}},"7":{"start":{"line":13,"column":30},"end":{"line":13,"column":39}},"8":{"start":{"line":14,"column":25},"end":{"line":14,"column":63}},"9":{"start":{"line":15,"column":32},"end":{"line":15,"column":70}},"10":{"start":{"line":16,"column":40},"end":{"line":16,"column":78}},"11":{"start":{"line":31,"column":2},"end":{"line":34,"column":null}},"12":{"start":{"line":32,"column":4},"end":{"line":32,"column":51}},"13":{"start":{"line":33,"column":4},"end":{"line":33,"column":11}},"14":{"start":{"line":35,"column":2},"end":{"line":57,"column":null}},"15":{"start":{"line":36,"column":32},"end":{"line":36,"column":40}},"16":{"start":{"line":37,"column":4},"end":{"line":40,"column":null}},"17":{"start":{"line":38,"column":6},"end":{"line":38,"column":52}},"18":{"start":{"line":39,"column":6},"end":{"line":39,"column":13}},"19":{"start":{"line":41,"column":4},"end":{"line":44,"column":null}},"20":{"start":{"line":42,"column":6},"end":{"line":42,"column":53}},"21":{"start":{"line":43,"column":6},"end":{"line":43,"column":13}},"22":{"start":{"line":45,"column":4},"end":{"line":48,"column":null}},"23":{"start":{"line":46,"column":6},"end":{"line":46,"column":61}},"24":{"start":{"line":47,"column":6},"end":{"line":47,"column":13}},"25":{"start":{"line":49,"column":4},"end":{"line":52,"column":null}},"26":{"start":{"line":50,"column":6},"end":{"line":50,"column":43}},"27":{"start":{"line":51,"column":6},"end":{"line":51,"column":13}},"28":{"start":{"line":53,"column":4},"end":{"line":53,"column":52}},"29":{"start":{"line":55,"column":4},"end":{"line":55,"column":21}},"30":{"start":{"line":56,"column":4},"end":{"line":56,"column":39}}},"fnMap":{"0":{"name":"(anonymous_1)","decl":{"start":{"line":13,"column":27},"end":{"line":13,"column":30}},"loc":{"start":{"line":13,"column":13},"end":{"line":13,"column":27}}},"1":{"name":"(anonymous_2)","decl":{"start":{"line":14,"column":22},"end":{"line":14,"column":25}},"loc":{"start":{"line":14,"column":13},"end":{"line":14,"column":22}}},"2":{"name":"(anonymous_3)","decl":{"start":{"line":15,"column":29},"end":{"line":15,"column":32}},"loc":{"start":{"line":15,"column":13},"end":{"line":15,"column":29}}},"3":{"name":"(anonymous_4)","decl":{"start":{"line":16,"column":37},"end":{"line":16,"column":40}},"loc":{"start":{"line":16,"column":13},"end":{"line":16,"column":37}}},"4":{"name":"(anonymous_5)","decl":{"start":{"line":58,"column":1},"end":{"line":58,"column":null}},"loc":{"start":{"line":27,"column":24},"end":{"line":27,"column":31}}},"5":{"name":"handler","decl":{"start":{"line":27,"column":24},"end":{"line":27,"column":31}},"loc":{"start":{"line":30,"column":2},"end":{"line":58,"column":null}}}},"branchMap":{"0":{"loc":{"start":{"line":31,"column":2},"end":{"line":34,"column":null}},"type":"if","locations":[{"start":{"line":31,"column":2},"end":{"line":34,"column":null}}]},"1":{"loc":{"start":{"line":37,"column":4},"end":{"line":40,"column":null}},"type":"if","locations":[{"start":{"line":37,"column":4},"end":{"line":40,"column":null}}]},"2":{"loc":{"start":{"line":41,"column":4},"end":{"line":44,"column":null}},"type":"if","locations":[{"start":{"line":41,"column":4},"end":{"line":44,"column":null}}]},"3":{"loc":{"start":{"line":45,"column":4},"end":{"line":48,"column":null}},"type":"if","locations":[{"start":{"line":45,"column":4},"end":{"line":48,"column":null}}]},"4":{"loc":{"start":{"line":49,"column":4},"end":{"line":52,"column":null}},"type":"if","locations":[{"start":{"line":49,"column":4},"end":{"line":52,"column":null}}]}},"s":{"0":1,"1":1,"2":1,"3":1,"4":7,"5":1,"6":1,"7":1,"8":1,"9":1,"10":1,"11":7,"12":1,"13":1,"14":6,"15":6,"16":6,"17":1,"18":1,"19":4,"20":1,"21":1,"22":3,"23":1,"24":1,"25":2,"26":1,"27":1,"28":1,"29":1,"30":1},"f":{"0":1,"1":1,"2":1,"3":1,"4":7,"5":7},"b":{"0":[1],"1":[1],"2":[1],"3":[1],"4":[1]}}
,"C:\\Users\\Luiz Henrique\\Desktop\\dh\\front-end\\ctd-esp-front3-final\\pages\\comics\\[id].page.tsx": {"path":"C:\\Users\\Luiz Henrique\\Desktop\\dh\\front-end\\ctd-esp-front3-final\\pages\\comics\\[id].page.tsx","statementMap":{"0":{"start":{"line":32,"column":0},"end":{"line":32,"column":15}},"1":{"start":{"line":48,"column":13},"end":{"line":48,"column":27}},"2":{"start":{"line":65,"column":13},"end":{"line":65,"column":27}},"3":{"start":{"line":2,"column":17},"end":{"line":2,"column":null}},"4":{"start":{"line":4,"column":23},"end":{"line":4,"column":null}},"5":{"start":{"line":5,"column":23},"end":{"line":5,"column":null}},"6":{"start":{"line":6,"column":37},"end":{"line":6,"column":null}},"7":{"start":{"line":8,"column":30},"end":{"line":8,"column":null}},"8":{"start":{"line":14,"column":36},"end":{"line":30,"column":1}},"9":{"start":{"line":15,"column":20},"end":{"line":15,"column":25}},"10":{"start":{"line":17,"column":2},"end":{"line":28,"column":null}},"11":{"start":{"line":32,"column":15},"end":{"line":32,"column":20}},"12":{"start":{"line":40,"column":17},"end":{"line":46,"column":1}},"13":{"start":{"line":48,"column":46},"end":{"line":63,"column":1}},"14":{"start":{"line":49,"column":17},"end":{"line":49,"column":45}},"15":{"start":{"line":51,"column":16},"end":{"line":57,"column":4}},"16":{"start":{"line":52,"column":4},"end":{"line":56,"column":6}},"17":{"start":{"line":59,"column":2},"end":{"line":62,"column":4}},"18":{"start":{"line":65,"column":67},"end":{"line":92,"column":1}},"19":{"start":{"line":68,"column":21},"end":{"line":68,"column":28}},"20":{"start":{"line":70,"column":13},"end":{"line":70,"column":23}},"21":{"start":{"line":72,"column":2},"end":{"line":91,"column":null}},"22":{"start":{"line":77,"column":8},"end":{"line":77,"column":51}},"23":{"start":{"line":78,"column":18},"end":{"line":78,"column":28}},"24":{"start":{"line":80,"column":4},"end":{"line":82,"column":6}},"25":{"start":{"line":84,"column":4},"end":{"line":90,"column":6}}},"fnMap":{"0":{"name":"(anonymous_1)","decl":{"start":{"line":32,"column":21},"end":{"line":32,"column":null}},"loc":{"start":{"line":32,"column":0},"end":{"line":32,"column":15}}},"1":{"name":"(anonymous_2)","decl":{"start":{"line":48,"column":27},"end":{"line":48,"column":46}},"loc":{"start":{"line":48,"column":13},"end":{"line":48,"column":27}}},"2":{"name":"(anonymous_3)","decl":{"start":{"line":65,"column":27},"end":{"line":65,"column":67}},"loc":{"start":{"line":65,"column":13},"end":{"line":65,"column":27}}},"3":{"name":"(anonymous_5)","decl":{"start":{"line":14,"column":36},"end":{"line":14,"column":37}},"loc":{"start":{"line":14,"column":47},"end":{"line":30,"column":1}}},"4":{"name":"(anonymous_6)","decl":{"start":{"line":48,"column":46},"end":{"line":48,"column":58}},"loc":{"start":{"line":48,"column":58},"end":{"line":63,"column":1}}},"5":{"name":"(anonymous_7)","decl":{"start":{"line":51,"column":27},"end":{"line":51,"column":28}},"loc":{"start":{"line":51,"column":38},"end":{"line":57,"column":4}}},"6":{"name":"(anonymous_8)","decl":{"start":{"line":65,"column":67},"end":{"line":65,"column":null}},"loc":{"start":{"line":67,"column":5},"end":{"line":92,"column":1}}}},"branchMap":{},"s":{"0":0,"1":0,"2":0,"3":0,"4":0,"5":0,"6":0,"7":0,"8":0,"9":0,"10":0,"11":0,"12":0,"13":0,"14":0,"15":0,"16":0,"17":0,"18":0,"19":0,"20":0,"21":0,"22":0,"23":0,"24":0,"25":0},"f":{"0":0,"1":0,"2":0,"3":0,"4":0,"5":0,"6":0},"b":{}}
,"C:\\Users\\Luiz Henrique\\Desktop\\dh\\front-end\\ctd-esp-front3-final\\services\\checkout\\checkout.errors.ts": {"path":"C:\\Users\\Luiz Henrique\\Desktop\\dh\\front-end\\ctd-esp-front3-final\\services\\checkout\\checkout.errors.ts","statementMap":{"0":{"start":{"line":1,"column":13},"end":{"line":1,"column":37}},"1":{"start":{"line":6,"column":13},"end":{"line":6,"column":37}},"2":{"start":{"line":11,"column":13},"end":{"line":11,"column":45}},"3":{"start":{"line":17,"column":13},"end":{"line":17,"column":38}},"4":{"start":{"line":23,"column":13},"end":{"line":23,"column":36}},"5":{"start":{"line":29,"column":13},"end":{"line":29,"column":25}},"6":{"start":{"line":1,"column":40},"end":{"line":4,"column":1}},"7":{"start":{"line":6,"column":40},"end":{"line":9,"column":1}},"8":{"start":{"line":11,"column":48},"end":{"line":15,"column":1}},"9":{"start":{"line":17,"column":41},"end":{"line":21,"column":1}},"10":{"start":{"line":23,"column":39},"end":{"line":27,"column":1}},"11":{"start":{"line":29,"column":28},"end":{"line":32,"column":1}}},"fnMap":{"0":{"name":"(anonymous_1)","decl":{"start":{"line":1,"column":37},"end":{"line":1,"column":40}},"loc":{"start":{"line":1,"column":13},"end":{"line":1,"column":37}}},"1":{"name":"(anonymous_2)","decl":{"start":{"line":6,"column":37},"end":{"line":6,"column":40}},"loc":{"start":{"line":6,"column":13},"end":{"line":6,"column":37}}},"2":{"name":"(anonymous_3)","decl":{"start":{"line":11,"column":45},"end":{"line":11,"column":48}},"loc":{"start":{"line":11,"column":13},"end":{"line":11,"column":45}}},"3":{"name":"(anonymous_4)","decl":{"start":{"line":17,"column":38},"end":{"line":17,"column":41}},"loc":{"start":{"line":17,"column":13},"end":{"line":17,"column":38}}},"4":{"name":"(anonymous_5)","decl":{"start":{"line":23,"column":36},"end":{"line":23,"column":39}},"loc":{"start":{"line":23,"column":13},"end":{"line":23,"column":36}}},"5":{"name":"(anonymous_6)","decl":{"start":{"line":29,"column":25},"end":{"line":29,"column":28}},"loc":{"start":{"line":29,"column":13},"end":{"line":29,"column":25}}}},"branchMap":{},"s":{"0":2,"1":2,"2":2,"3":2,"4":2,"5":2,"6":1,"7":1,"8":1,"9":1,"10":1,"11":1},"f":{"0":2,"1":2,"2":2,"3":2,"4":2,"5":2},"b":{}}
,"C:\\Users\\Luiz Henrique\\Desktop\\dh\\front-end\\ctd-esp-front3-final\\services\\marvel\\marvel-auth.service.ts": {"path":"C:\\Users\\Luiz Henrique\\Desktop\\dh\\front-end\\ctd-esp-front3-final\\services\\marvel\\marvel-auth.service.ts","statementMap":{"0":{"start":{"line":6,"column":13},"end":{"line":6,"column":41}},"1":{"start":{"line":1,"column":16},"end":{"line":1,"column":null}},"2":{"start":{"line":3,"column":19},"end":{"line":3,"column":64}},"3":{"start":{"line":4,"column":20},"end":{"line":4,"column":66}},"4":{"start":{"line":6,"column":44},"end":{"line":12,"column":1}},"5":{"start":{"line":7,"column":13},"end":{"line":7,"column":33}},"6":{"start":{"line":8,"column":15},"end":{"line":8,"column":54}},"7":{"start":{"line":9,"column":15},"end":{"line":9,"column":59}},"8":{"start":{"line":11,"column":2},"end":{"line":11,"column":14}}},"fnMap":{"0":{"name":"(anonymous_0)","decl":{"start":{"line":6,"column":13},"end":{"line":6,"column":41}},"loc":{"start":{"line":6,"column":13},"end":{"line":6,"column":41}}},"1":{"name":"(anonymous_2)","decl":{"start":{"line":6,"column":44},"end":{"line":6,"column":50}},"loc":{"start":{"line":6,"column":50},"end":{"line":12,"column":1}}}},"branchMap":{},"s":{"0":8,"1":2,"2":2,"3":2,"4":2,"5":8,"6":8,"7":8,"8":8},"f":{"0":8,"1":8},"b":{}}
,"C:\\Users\\Luiz Henrique\\Desktop\\dh\\front-end\\ctd-esp-front3-final\\services\\marvel\\marvel.service.ts": {"path":"C:\\Users\\Luiz Henrique\\Desktop\\dh\\front-end\\ctd-esp-front3-final\\services\\marvel\\marvel.service.ts","statementMap":{"0":{"start":{"line":12,"column":13},"end":{"line":12,"column":19}},"1":{"start":{"line":33,"column":13},"end":{"line":33,"column":22}},"2":{"start":{"line":40,"column":13},"end":{"line":40,"column":21}},"3":{"start":{"line":62,"column":13},"end":{"line":62,"column":25}},"4":{"start":{"line":1,"column":45},"end":{"line":1,"column":null}},"5":{"start":{"line":3,"column":18},"end":{"line":3,"column":null}},"6":{"start":{"line":4,"column":16},"end":{"line":4,"column":null}},"7":{"start":{"line":6,"column":23},"end":{"line":6,"column":61}},"8":{"start":{"line":7,"column":19},"end":{"line":7,"column":64}},"9":{"start":{"line":8,"column":20},"end":{"line":8,"column":66}},"10":{"start":{"line":10,"column":11},"end":{"line":10,"column":22}},"11":{"start":{"line":12,"column":22},"end":{"line":22,"column":2}},"12":{"start":{"line":24,"column":17},"end":{"line":31,"column":1}},"13":{"start":{"line":25,"column":15},"end":{"line":25,"column":45}},"14":{"start":{"line":27,"column":14},"end":{"line":27,"column":72}},"15":{"start":{"line":28,"column":19},"end":{"line":28,"column":35}},"16":{"start":{"line":30,"column":2},"end":{"line":30,"column":31}},"17":{"start":{"line":33,"column":25},"end":{"line":38,"column":1}},"18":{"start":{"line":34,"column":17},"end":{"line":34,"column":38}},"19":{"start":{"line":35,"column":2},"end":{"line":35,"column":48}},"20":{"start":{"line":35,"column":14},"end":{"line":35,"column":48}},"21":{"start":{"line":36,"column":2},"end":{"line":36,"column":45}},"22":{"start":{"line":36,"column":13},"end":{"line":36,"column":45}},"23":{"start":{"line":37,"column":2},"end":{"line":37,"column":47}},"24":{"start":{"line":40,"column":24},"end":{"line":56,"column":1}},"25":{"start":{"line":41,"column":15},"end":{"line":41,"column":50}},"26":{"start":{"line":42,"column":18},"end":{"line":42,"column":35}},"27":{"start":{"line":43,"column":2},"end":{"line":55,"column":21}},"28":{"start":{"line":44,"column":18},"end":{"line":44,"column":28}},"29":{"start":{"line":45,"column":4},"end":{"line":53,"column":null}},"30":{"start":{"line":46,"column":6},"end":{"line":46,"column":23}},"31":{"start":{"line":47,"column":6},"end":{"line":47,"column":26}},"32":{"start":{"line":48,"column":6},"end":{"line":48,"column":22}},"33":{"start":{"line":50,"column":6},"end":{"line":50,"column":23}},"34":{"start":{"line":51,"column":6},"end":{"line":51,"column":26}},"35":{"start":{"line":52,"column":6},"end":{"line":52,"column":22}},"36":{"start":{"line":54,"column":4},"end":{"line":54,"column":17}},"37":{"start":{"line":55,"column":9},"end":{"line":55,"column":21}},"38":{"start":{"line":62,"column":28},"end":{"line":67,"column":1}},"39":{"start":{"line":63,"column":15},"end":{"line":63,"column":58}},"40":{"start":{"line":64,"column":18},"end":{"line":64,"column":35}},"41":{"start":{"line":65,"column":2},"end":{"line":66,"column":19}},"42":{"start":{"line":65,"column":26},"end":{"line":65,"column":44}},"43":{"start":{"line":66,"column":7},"end":{"line":66,"column":19}}},"fnMap":{"0":{"name":"(anonymous_1)","decl":{"start":{"line":12,"column":19},"end":{"line":12,"column":22}},"loc":{"start":{"line":12,"column":13},"end":{"line":12,"column":19}}},"1":{"name":"(anonymous_2)","decl":{"start":{"line":33,"column":22},"end":{"line":33,"column":25}},"loc":{"start":{"line":33,"column":13},"end":{"line":33,"column":22}}},"2":{"name":"(anonymous_3)","decl":{"start":{"line":40,"column":21},"end":{"line":40,"column":24}},"loc":{"start":{"line":40,"column":13},"end":{"line":40,"column":21}}},"3":{"name":"(anonymous_4)","decl":{"start":{"line":62,"column":25},"end":{"line":62,"column":28}},"loc":{"start":{"line":62,"column":13},"end":{"line":62,"column":25}}},"4":{"name":"(anonymous_6)","decl":{"start":{"line":24,"column":17},"end":{"line":24,"column":24}},"loc":{"start":{"line":24,"column":65},"end":{"line":31,"column":1}}},"5":{"name":"(anonymous_7)","decl":{"start":{"line":33,"column":25},"end":{"line":33,"column":32}},"loc":{"start":{"line":33,"column":68},"end":{"line":38,"column":1}}},"6":{"name":"(anonymous_8)","decl":{"start":{"line":40,"column":24},"end":{"line":40,"column":31}},"loc":{"start":{"line":40,"column":51},"end":{"line":56,"column":1}}},"7":{"name":"(anonymous_9)","decl":{"start":{"line":62,"column":28},"end":{"line":62,"column":35}},"loc":{"start":{"line":62,"column":59},"end":{"line":67,"column":1}}}},"branchMap":{"0":{"loc":{"start":{"line":19,"column":20},"end":{"line":19,"column":50}},"type":"cond-expr","locations":[{"start":{"line":19,"column":34},"end":{"line":19,"column":45}},{"start":{"line":19,"column":48},"end":{"line":19,"column":50}}]},"1":{"loc":{"start":{"line":27,"column":55},"end":{"line":27,"column":70}},"type":"binary-expr","locations":[{"start":{"line":27,"column":55},"end":{"line":27,"column":64}},{"start":{"line":27,"column":68},"end":{"line":27,"column":70}}]},"2":{"loc":{"start":{"line":35,"column":2},"end":{"line":35,"column":48}},"type":"if","locations":[{"start":{"line":35,"column":2},"end":{"line":35,"column":48}}]},"3":{"loc":{"start":{"line":36,"column":2},"end":{"line":36,"column":45}},"type":"if","locations":[{"start":{"line":36,"column":2},"end":{"line":36,"column":45}}]},"4":{"loc":{"start":{"line":43,"column":2},"end":{"line":55,"column":21}},"type":"if","locations":[{"start":{"line":43,"column":2},"end":{"line":55,"column":21}},{"start":{"line":55,"column":9},"end":{"line":55,"column":21}}]},"5":{"loc":{"start":{"line":45,"column":4},"end":{"line":53,"column":null}},"type":"if","locations":[{"start":{"line":45,"column":4},"end":{"line":53,"column":null}},{"start":{"line":49,"column":11},"end":{"line":53,"column":null}}]},"6":{"loc":{"start":{"line":65,"column":2},"end":{"line":66,"column":19}},"type":"if","locations":[{"start":{"line":65,"column":2},"end":{"line":66,"column":19}},{"start":{"line":66,"column":7},"end":{"line":66,"column":19}}]}},"s":{"0":0,"1":2,"2":3,"3":2,"4":1,"5":1,"6":1,"7":1,"8":1,"9":1,"10":1,"11":1,"12":1,"13":7,"14":7,"15":7,"16":0,"17":1,"18":2,"19":2,"20":1,"21":2,"22":1,"23":2,"24":1,"25":3,"26":0,"27":0,"28":0,"29":0,"30":0,"31":0,"32":0,"33":0,"34":0,"35":0,"36":0,"37":0,"38":1,"39":2,"40":0,"41":0,"42":0,"43":0},"f":{"0":0,"1":2,"2":3,"3":2,"4":7,"5":2,"6":3,"7":2},"b":{"0":[0,1],"1":[7,6],"2":[1],"3":[1],"4":[0,0],"5":[0,0],"6":[0,0]}}
}
