TN:
SF:components\CharacterCard\index.tsx
FN:68,(anonymous_0)
FN:16,(anonymous_2)
FN:68,(anonymous_3)
FNF:3
FNH:0
FNDA:0,(anonymous_0)
FNDA:0,(anonymous_2)
FNDA:0,(anonymous_3)
DA:3,0
DA:5,0
DA:6,0
DA:7,0
DA:8,0
DA:16,0
DA:68,0
DA:69,0
DA:71,0
DA:72,0
DA:74,0
LF:11
LH:0
BRF:0
BRH:0
end_of_record
TN:
SF:components\CharacterList\index.tsx
FN:10,(anonymous_0)
FN:10,(anonymous_2)
FN:16,(anonymous_3)
FNF:3
FNH:0
FNDA:0,(anonymous_0)
FNDA:0,(anonymous_2)
FNDA:0,(anonymous_3)
DA:2,0
DA:4,0
DA:10,0
DA:11,0
DA:13,0
DA:17,0
LF:6
LH:0
BRF:0
BRH:0
end_of_record
TN:
SF:components\ComicsList\card.tsx
FN:68,(anonymous_1)
FN:70,(anonymous_2)
FN:16,(anonymous_4)
FN:70,(anonymous_5)
FNF:4
FNH:3
FNDA:1,(anonymous_1)
FNDA:25,(anonymous_2)
FNDA:0,(anonymous_4)
FNDA:25,(anonymous_5)
DA:3,1
DA:4,1
DA:5,1
DA:6,1
DA:7,1
DA:10,1
DA:16,1
DA:68,1
DA:70,25
DA:71,25
DA:73,25
DA:74,25
DA:76,25
LF:13
LH:13
BRF:0
BRH:0
end_of_record
TN:
SF:components\ComicsList\index.tsx
FN:9,(anonymous_1)
FN:11,(anonymous_2)
FN:11,(anonymous_4)
FN:16,(anonymous_5)
FNF:4
FNH:4
FNDA:1,(anonymous_1)
FNDA:2,(anonymous_2)
FNDA:3,(anonymous_4)
FNDA:24,(anonymous_5)
DA:1,1
DA:3,1
DA:9,1
DA:11,2
DA:12,3
DA:14,2
DA:17,24
LF:7
LH:7
BRF:0
BRH:0
end_of_record
TN:
SF:components\ComicsList\mock.ts
FN:3,(anonymous_0)
FNF:1
FNH:1
FNDA:3,(anonymous_0)
DA:3,3
LF:1
LH:1
BRF:0
BRH:0
end_of_record
TN:
SF:components\faqs\faqsData.ts
FN:7,(anonymous_0)
FNF:1
FNH:0
FNDA:0,(anonymous_0)
DA:7,0
LF:1
LH:0
BRF:0
BRH:0
end_of_record
TN:
SF:components\layouts\layout-checkout.tsx
FN:23,(anonymous_0)
FN:8,(anonymous_5)
FNF:2
FNH:0
FNDA:0,(anonymous_0)
FNDA:0,(anonymous_5)
DA:1,0
DA:3,0
DA:4,0
DA:5,0
DA:6,0
DA:8,0
DA:11,0
DA:23,0
LF:8
LH:0
BRF:0
BRH:0
end_of_record
TN:
SF:components\layouts\layout-general.tsx
FN:23,(anonymous_0)
FN:8,(anonymous_5)
FNF:2
FNH:2
FNDA:1,(anonymous_0)
FNDA:1,(anonymous_5)
DA:1,1
DA:3,1
DA:4,1
DA:5,1
DA:6,1
DA:8,1
DA:11,1
DA:23,1
LF:8
LH:8
BRF:0
BRH:0
end_of_record
TN:
SF:components\layouts\body\single\body-single.tsx
FN:35,(anonymous_0)
FN:11,(anonymous_5)
FNF:2
FNH:0
FNDA:0,(anonymous_0)
FNDA:0,(anonymous_5)
DA:1,0
DA:3,0
DA:4,0
DA:11,0
DA:16,0
DA:35,0
LF:6
LH:0
BRDA:19,0,0,0
BRDA:19,0,1,0
BRF:2
BRH:0
end_of_record
TN:
SF:components\layouts\footer\general-footer.component.tsx
FN:55,(anonymous_0)
FN:6,(anonymous_5)
FNF:2
FNH:2
FNDA:1,(anonymous_0)
FNDA:1,(anonymous_5)
DA:1,1
DA:2,1
DA:3,1
DA:4,1
DA:6,1
DA:7,1
DA:55,1
LF:7
LH:7
BRF:0
BRH:0
end_of_record
TN:
SF:components\layouts\header\general-header.component.tsx
FN:63,(anonymous_0)
FN:14,(anonymous_5)
FN:50,(anonymous_6)
FNF:3
FNH:3
FNDA:1,(anonymous_0)
FNDA:1,(anonymous_5)
FNDA:1,(anonymous_6)
DA:1,1
DA:3,1
DA:4,1
DA:5,1
DA:6,1
DA:7,1
DA:8,1
DA:14,1
DA:15,1
DA:50,1
DA:51,1
DA:59,1
DA:63,1
LF:13
LH:13
BRDA:33,0,0,1
BRDA:33,0,1,1
BRDA:51,1,0,1
BRDA:51,1,1,0
BRF:4
BRH:3
end_of_record
TN:
SF:pages\index.page.tsx
FN:31,(anonymous_1)
FN:33,(anonymous_2)
FN:13,(anonymous_4)
FN:33,(anonymous_5)
FN:43,(anonymous_6)
FNF:5
FNH:0
FNDA:0,(anonymous_1)
FNDA:0,(anonymous_2)
FNDA:0,(anonymous_4)
FNDA:0,(anonymous_5)
FNDA:0,(anonymous_6)
DA:2,0
DA:4,0
DA:5,0
DA:7,0
DA:13,0
DA:14,0
DA:16,0
DA:31,0
DA:33,0
DA:38,0
DA:42,0
DA:44,0
DA:45,0
DA:47,0
DA:51,0
LF:15
LH:0
BRDA:47,0,0,0
BRDA:47,0,1,0
BRF:2
BRH:0
end_of_record
TN:
SF:pages\api\checkout.route.ts
FN:13,(anonymous_1)
FN:14,(anonymous_2)
FN:15,(anonymous_3)
FN:16,(anonymous_4)
FN:58,(anonymous_5)
FN:27,handler
FNF:6
FNH:0
FNDA:0,(anonymous_1)
FNDA:0,(anonymous_2)
FNDA:0,(anonymous_3)
FNDA:0,(anonymous_4)
FNDA:0,(anonymous_5)
FNDA:0,handler
DA:10,0
DA:12,0
DA:13,0
DA:14,0
DA:15,0
DA:16,0
DA:27,0
DA:31,0
DA:32,0
DA:33,0
DA:35,0
DA:36,0
DA:37,0
DA:38,0
DA:39,0
DA:41,0
DA:42,0
DA:43,0
DA:45,0
DA:46,0
DA:47,0
DA:49,0
DA:50,0
DA:51,0
DA:53,0
DA:55,0
DA:56,0
LF:27
LH:0
BRDA:31,0,0,0
BRDA:37,1,0,0
BRDA:41,2,0,0
BRDA:45,3,0,0
BRDA:49,4,0,0
BRF:5
BRH:0
end_of_record
TN:
SF:services\checkout\checkout.errors.ts
FN:1,(anonymous_1)
FN:6,(anonymous_2)
FN:11,(anonymous_3)
FN:17,(anonymous_4)
FN:23,(anonymous_5)
FN:29,(anonymous_6)
FNF:6
FNH:0
FNDA:0,(anonymous_1)
FNDA:0,(anonymous_2)
FNDA:0,(anonymous_3)
FNDA:0,(anonymous_4)
FNDA:0,(anonymous_5)
FNDA:0,(anonymous_6)
DA:1,0
DA:6,0
DA:11,0
DA:17,0
DA:23,0
DA:29,0
LF:6
LH:0
BRF:0
BRH:0
end_of_record
TN:
SF:services\marvel\marvel-auth.service.ts
FN:6,(anonymous_0)
FN:6,(anonymous_2)
FNF:2
FNH:0
FNDA:0,(anonymous_0)
FNDA:0,(anonymous_2)
DA:1,0
DA:3,0
DA:4,0
DA:6,0
DA:7,0
DA:8,0
DA:9,0
DA:11,0
LF:8
LH:0
BRF:0
BRH:0
end_of_record
TN:
SF:services\marvel\marvel.service.ts
FN:12,(anonymous_1)
FN:33,(anonymous_2)
FN:40,(anonymous_3)
FN:62,(anonymous_4)
FN:24,(anonymous_6)
FN:33,(anonymous_7)
FN:40,(anonymous_8)
FN:62,(anonymous_9)
FNF:8
FNH:0
FNDA:0,(anonymous_1)
FNDA:0,(anonymous_2)
FNDA:0,(anonymous_3)
FNDA:0,(anonymous_4)
FNDA:0,(anonymous_6)
FNDA:0,(anonymous_7)
FNDA:0,(anonymous_8)
FNDA:0,(anonymous_9)
DA:1,0
DA:3,0
DA:4,0
DA:6,0
DA:7,0
DA:8,0
DA:10,0
DA:12,0
DA:24,0
DA:25,0
DA:27,0
DA:28,0
DA:30,0
DA:33,0
DA:34,0
DA:35,0
DA:36,0
DA:37,0
DA:40,0
DA:41,0
DA:42,0
DA:43,0
DA:44,0
DA:45,0
DA:46,0
DA:47,0
DA:48,0
DA:50,0
DA:51,0
DA:52,0
DA:54,0
DA:55,0
DA:62,0
DA:63,0
DA:64,0
DA:65,0
DA:66,0
LF:37
LH:0
BRDA:19,0,0,0
BRDA:19,0,1,0
BRDA:27,1,0,0
BRDA:27,1,1,0
BRDA:35,2,0,0
BRDA:36,3,0,0
BRDA:43,4,0,0
BRDA:43,4,1,0
BRDA:45,5,0,0
BRDA:45,5,1,0
BRDA:65,6,0,0
BRDA:65,6,1,0
BRF:12
BRH:0
end_of_record
