TN:
SF:components\ComicTemplate\index.tsx
FN:15,(anonymous_0)
FN:15,(anonymous_2)
FN:112,(anonymous_3)
FNF:3
FNH:0
FNDA:0,(anonymous_0)
FNDA:0,(anonymous_2)
FNDA:0,(anonymous_3)
DA:1,0
DA:3,0
DA:4,0
DA:7,0
DA:8,0
DA:9,0
DA:15,0
DA:18,0
DA:20,0
DA:21,0
DA:23,0
DA:113,0
DA:114,0
DA:116,0
LF:14
LH:0
BRDA:56,0,0,0
BRDA:56,0,1,0
BRF:2
BRH:0
end_of_record
TN:
SF:components\ComicsList\card.tsx
FN:69,(anonymous_1)
FN:71,(anonymous_2)
FN:17,(anonymous_4)
FN:71,(anonymous_5)
FN:118,(anonymous_6)
FNF:5
FNH:2
FNDA:0,(anonymous_1)
FNDA:49,(anonymous_2)
FNDA:0,(anonymous_4)
FNDA:101,(anonymous_5)
FNDA:0,(anonymous_6)
DA:3,1
DA:4,1
DA:5,1
DA:6,1
DA:7,1
DA:10,1
DA:11,1
DA:17,1
DA:69,1
DA:71,49
DA:72,101
DA:74,100
DA:75,100
DA:77,100
DA:79,0
DA:118,0
LF:16
LH:14
BRF:0
BRH:0
end_of_record
TN:
SF:components\ComicsList\index.tsx
FN:9,(anonymous_1)
FN:11,(anonymous_2)
FN:11,(anonymous_4)
FN:16,(anonymous_5)
FNF:4
FNH:3
FNDA:0,(anonymous_1)
FNDA:2,(anonymous_2)
FNDA:5,(anonymous_4)
FNDA:48,(anonymous_5)
DA:1,1
DA:3,1
DA:9,1
DA:11,2
DA:12,5
DA:14,4
DA:17,48
LF:7
LH:7
BRF:0
BRH:0
end_of_record
TN:
SF:components\ComicsList\mock.ts
FN:3,(anonymous_0)
FNF:1
FNH:1
FNDA:3,(anonymous_0)
DA:3,3
LF:1
LH:1
BRF:0
BRH:0
end_of_record
TN:
SF:components\faqs\faqsData.ts
FN:7,(anonymous_0)
FNF:1
FNH:0
FNDA:0,(anonymous_0)
DA:7,0
LF:1
LH:0
BRF:0
BRH:0
end_of_record
TN:
SF:components\layouts\layout-checkout.tsx
FN:23,(anonymous_0)
FN:8,(anonymous_5)
FNF:2
FNH:2
FNDA:3,(anonymous_0)
FNDA:3,(anonymous_5)
DA:1,1
DA:3,1
DA:4,1
DA:5,1
DA:6,1
DA:8,1
DA:11,3
DA:23,3
LF:8
LH:8
BRF:0
BRH:0
end_of_record
TN:
SF:components\layouts\layout-general.tsx
FN:23,(anonymous_0)
FN:8,(anonymous_5)
FNF:2
FNH:2
FNDA:4,(anonymous_0)
FNDA:5,(anonymous_5)
DA:1,2
DA:3,2
DA:4,2
DA:5,2
DA:6,2
DA:8,2
DA:11,5
DA:23,4
LF:8
LH:8
BRF:0
BRH:0
end_of_record
TN:
SF:components\layouts\body\single\body-single.tsx
FN:35,(anonymous_0)
FN:11,(anonymous_5)
FNF:2
FNH:2
FNDA:2,(anonymous_0)
FNDA:2,(anonymous_5)
DA:1,1
DA:3,1
DA:4,1
DA:11,1
DA:16,2
DA:35,2
LF:6
LH:6
BRDA:19,0,0,2
BRDA:19,0,1,1
BRF:2
BRH:2
end_of_record
TN:
SF:components\layouts\footer\general-footer.component.tsx
FN:55,(anonymous_0)
FN:6,(anonymous_5)
FNF:2
FNH:2
FNDA:4,(anonymous_0)
FNDA:4,(anonymous_5)
DA:1,2
DA:2,2
DA:3,2
DA:4,2
DA:6,2
DA:7,4
DA:55,4
LF:7
LH:7
BRF:0
BRH:0
end_of_record
TN:
SF:components\layouts\header\general-header.component.tsx
FN:70,(anonymous_0)
FN:14,(anonymous_5)
FN:56,(anonymous_6)
FNF:3
FNH:3
FNDA:8,(anonymous_0)
FNDA:8,(anonymous_5)
FNDA:8,(anonymous_6)
DA:1,2
DA:3,2
DA:4,2
DA:5,2
DA:6,2
DA:7,2
DA:8,2
DA:14,2
DA:15,8
DA:56,2
DA:57,8
DA:66,2
DA:70,8
LF:13
LH:13
BRDA:35,0,0,8
BRDA:35,0,1,5
BRDA:57,1,0,5
BRDA:57,1,1,3
BRF:4
BRH:4
end_of_record
TN:
SF:pages\index.page.tsx
FN:31,(anonymous_1)
FN:33,(anonymous_2)
FN:13,(anonymous_4)
FN:33,(anonymous_5)
FNF:4
FNH:0
FNDA:0,(anonymous_1)
FNDA:0,(anonymous_2)
FNDA:0,(anonymous_4)
FNDA:0,(anonymous_5)
DA:2,0
DA:4,0
DA:6,0
DA:7,0
DA:13,0
DA:14,0
DA:16,0
DA:31,0
DA:33,0
DA:34,0
DA:36,0
LF:11
LH:0
BRF:0
BRH:0
end_of_record
TN:
SF:pages\api\checkout.route.ts
FN:13,(anonymous_1)
FN:14,(anonymous_2)
FN:15,(anonymous_3)
FN:16,(anonymous_4)
FN:58,(anonymous_5)
FN:27,handler
FNF:6
FNH:6
FNDA:1,(anonymous_1)
FNDA:1,(anonymous_2)
FNDA:1,(anonymous_3)
FNDA:1,(anonymous_4)
FNDA:7,(anonymous_5)
FNDA:7,handler
DA:10,1
DA:12,1
DA:13,1
DA:14,1
DA:15,1
DA:16,1
DA:27,7
DA:31,7
DA:32,1
DA:33,1
DA:35,6
DA:36,6
DA:37,6
DA:38,1
DA:39,1
DA:41,4
DA:42,1
DA:43,1
DA:45,3
DA:46,1
DA:47,1
DA:49,2
DA:50,1
DA:51,1
DA:53,1
DA:55,1
DA:56,1
LF:27
LH:27
BRDA:31,0,0,1
BRDA:37,1,0,1
BRDA:41,2,0,1
BRDA:45,3,0,1
BRDA:49,4,0,1
BRF:5
BRH:5
end_of_record
TN:
SF:pages\comics\[id].page.tsx
FN:32,(anonymous_1)
FN:48,(anonymous_2)
FN:65,(anonymous_3)
FN:14,(anonymous_5)
FN:48,(anonymous_6)
FN:51,(anonymous_7)
FN:65,(anonymous_8)
FNF:7
FNH:0
FNDA:0,(anonymous_1)
FNDA:0,(anonymous_2)
FNDA:0,(anonymous_3)
FNDA:0,(anonymous_5)
FNDA:0,(anonymous_6)
FNDA:0,(anonymous_7)
FNDA:0,(anonymous_8)
DA:2,0
DA:4,0
DA:5,0
DA:6,0
DA:8,0
DA:14,0
DA:15,0
DA:17,0
DA:32,0
DA:40,0
DA:48,0
DA:49,0
DA:51,0
DA:52,0
DA:59,0
DA:65,0
DA:68,0
DA:70,0
DA:72,0
DA:77,0
DA:78,0
DA:80,0
DA:84,0
LF:23
LH:0
BRF:0
BRH:0
end_of_record
TN:
SF:services\checkout\checkout.errors.ts
FN:1,(anonymous_1)
FN:6,(anonymous_2)
FN:11,(anonymous_3)
FN:17,(anonymous_4)
FN:23,(anonymous_5)
FN:29,(anonymous_6)
FNF:6
FNH:6
FNDA:2,(anonymous_1)
FNDA:2,(anonymous_2)
FNDA:2,(anonymous_3)
FNDA:2,(anonymous_4)
FNDA:2,(anonymous_5)
FNDA:2,(anonymous_6)
DA:1,2
DA:6,2
DA:11,2
DA:17,2
DA:23,2
DA:29,2
LF:6
LH:6
BRF:0
BRH:0
end_of_record
TN:
SF:services\marvel\marvel-auth.service.ts
FN:6,(anonymous_0)
FN:6,(anonymous_2)
FNF:2
FNH:2
FNDA:8,(anonymous_0)
FNDA:8,(anonymous_2)
DA:1,2
DA:3,2
DA:4,2
DA:6,8
DA:7,8
DA:8,8
DA:9,8
DA:11,8
LF:8
LH:8
BRF:0
BRH:0
end_of_record
TN:
SF:services\marvel\marvel.service.ts
FN:12,(anonymous_1)
FN:33,(anonymous_2)
FN:40,(anonymous_3)
FN:62,(anonymous_4)
FN:24,(anonymous_6)
FN:33,(anonymous_7)
FN:40,(anonymous_8)
FN:62,(anonymous_9)
FNF:8
FNH:7
FNDA:0,(anonymous_1)
FNDA:2,(anonymous_2)
FNDA:3,(anonymous_3)
FNDA:2,(anonymous_4)
FNDA:7,(anonymous_6)
FNDA:2,(anonymous_7)
FNDA:3,(anonymous_8)
FNDA:2,(anonymous_9)
DA:1,1
DA:3,1
DA:4,1
DA:6,1
DA:7,1
DA:8,1
DA:10,1
DA:12,1
DA:24,1
DA:25,7
DA:27,7
DA:28,7
DA:30,0
DA:33,2
DA:34,2
DA:35,2
DA:36,2
DA:37,2
DA:40,3
DA:41,3
DA:42,0
DA:43,0
DA:44,0
DA:45,0
DA:46,0
DA:47,0
DA:48,0
DA:50,0
DA:51,0
DA:52,0
DA:54,0
DA:55,0
DA:62,2
DA:63,2
DA:64,0
DA:65,0
DA:66,0
LF:37
LH:21
BRDA:19,0,0,0
BRDA:19,0,1,1
BRDA:27,1,0,7
BRDA:27,1,1,6
BRDA:35,2,0,1
BRDA:36,3,0,1
BRDA:43,4,0,0
BRDA:43,4,1,0
BRDA:45,5,0,0
BRDA:45,5,1,0
BRDA:65,6,0,0
BRDA:65,6,1,0
BRF:12
BRH:5
end_of_record
